2025-08-27 03:01:25,864 - INFO - π€ μ£Όμ‹ λ°μ΄ν„° μμ§‘ μ‹μ‘!
2025-08-27 03:01:25,864 - INFO - π“… κΈ°κ°„: 20100101 ~ 20250827
2025-08-27 03:01:25,865 - INFO - π“ μ¶λ ¥ ν΄λ”: ./out_krx_parallel
2025-08-27 03:01:25,865 - INFO - π“ λ€μƒ μΆ…λ© μ: 97κ°
2025-08-27 03:01:25,865 - INFO - π”§ λ™μ‹ μ²λ¦¬ μ›μ»¤ μ: 8
2025-08-27 03:01:25,873 - INFO - π“ 005930 λ°μ΄ν„° μμ§‘ μ‹μ‘...
2025-08-27 03:01:25,873 - INFO -   β””β”€ 005930 μΌλ³„ λ°μ΄ν„° μμ§‘ μ¤‘...
2025-08-27 03:01:25,926 - INFO - π“ 000660 λ°μ΄ν„° μμ§‘ μ‹μ‘...
2025-08-27 03:01:25,926 - INFO -   β””β”€ 000660 μΌλ³„ λ°μ΄ν„° μμ§‘ μ¤‘...
2025-08-27 03:01:25,974 - INFO -   β””β”€ 005930 μΌλ³„ λ°μ΄ν„° μ™„λ£ (3000κ° ν–‰)
2025-08-27 03:01:25,974 - INFO -   β””β”€ 005930 μ›”λ³„ λ°μ΄ν„° μμ§‘ μ¤‘...
2025-08-27 03:01:25,977 - INFO - π“ 207940 λ°μ΄ν„° μμ§‘ μ‹μ‘...
2025-08-27 03:01:25,978 - INFO -   β””β”€ 207940 μΌλ³„ λ°μ΄ν„° μμ§‘ μ¤‘...
2025-08-27 03:01:26,053 - INFO - π“ 373220 λ°μ΄ν„° μμ§‘ μ‹μ‘...
2025-08-27 03:01:26,053 - INFO -   β””β”€ 373220 μΌλ³„ λ°μ΄ν„° μμ§‘ μ¤‘...
2025-08-27 03:01:26,070 - INFO -   β””β”€ 000660 μΌλ³„ λ°μ΄ν„° μ™„λ£ (3000κ° ν–‰)
2025-08-27 03:01:26,070 - INFO -   β””β”€ 000660 μ›”λ³„ λ°μ΄ν„° μμ§‘ μ¤‘...
2025-08-27 03:01:26,090 - INFO -   β””β”€ 207940 μΌλ³„ λ°μ΄ν„° μ™„λ£ (2158κ° ν–‰)
2025-08-27 03:01:26,090 - INFO -   β””β”€ 207940 μ›”λ³„ λ°μ΄ν„° μμ§‘ μ¤‘...
2025-08-27 03:01:26,135 - INFO - π“ 105560 λ°μ΄ν„° μμ§‘ μ‹μ‘...
2025-08-27 03:01:26,145 - INFO -   β””β”€ 105560 μΌλ³„ λ°μ΄ν„° μμ§‘ μ¤‘...
2025-08-27 03:01:26,173 - INFO -   β””β”€ 373220 μΌλ³„ λ°μ΄ν„° μ™„λ£ (875κ° ν–‰)
2025-08-27 03:01:26,174 - INFO -   β””β”€ 373220 μ›”λ³„ λ°μ΄ν„° μμ§‘ μ¤‘...
2025-08-27 03:01:26,205 - INFO - π“ 051910 λ°μ΄ν„° μμ§‘ μ‹μ‘...
2025-08-27 03:01:26,206 - INFO -   β””β”€ 051910 μΌλ³„ λ°μ΄ν„° μμ§‘ μ¤‘...
2025-08-27 03:01:26,257 - INFO -   β””β”€ 105560 μΌλ³„ λ°μ΄ν„° μ™„λ£ (3000κ° ν–‰)
2025-08-27 03:01:26,258 - INFO -   β””β”€ 105560 μ›”λ³„ λ°μ΄ν„° μμ§‘ μ¤‘...
2025-08-27 03:01:26,258 - INFO - π“ 006400 λ°μ΄ν„° μμ§‘ μ‹μ‘...
2025-08-27 03:01:26,277 - INFO -   β””β”€ 207940 μ›”λ³„ λ°μ΄ν„° μ™„λ£ (106κ° ν–‰)
2025-08-27 03:01:26,281 - INFO -   β””β”€ 000660 μ›”λ³„ λ°μ΄ν„° μ™„λ£ (147κ° ν–‰)
2025-08-27 03:01:26,281 - INFO -   β””β”€ 006400 μΌλ³„ λ°μ΄ν„° μμ§‘ μ¤‘...
2025-08-27 03:01:26,286 - INFO -   β””β”€ 005930 μ›”λ³„ λ°μ΄ν„° μ™„λ£ (147κ° ν–‰)
2025-08-27 03:01:26,287 - INFO -   β””β”€ 373220 μ›”λ³„ λ°μ΄ν„° μ™„λ£ (44κ° ν–‰)
2025-08-27 03:01:26,348 - INFO - π“ 033780 λ°μ΄ν„° μμ§‘ μ‹μ‘...
2025-08-27 03:01:26,368 - INFO -   β””β”€ 033780 μΌλ³„ λ°μ΄ν„° μμ§‘ μ¤‘...
2025-08-27 03:01:26,393 - INFO -   β””β”€ 051910 μΌλ³„ λ°μ΄ν„° μ™„λ£ (3000κ° ν–‰)
2025-08-27 03:01:26,396 - INFO -   β””β”€ 373220 μ£Όλ³„ λ°μ΄ν„° μƒμ„± μ™„λ£ (188κ° ν–‰)
2025-08-27 03:01:26,406 - INFO -   β””β”€ 005930 μ£Όλ³„ λ°μ΄ν„° μƒμ„± μ™„λ£ (637κ° ν–‰)
2025-08-27 03:01:26,417 - INFO -   β””β”€ 000660 μ£Όλ³„ λ°μ΄ν„° μƒμ„± μ™„λ£ (637κ° ν–‰)
2025-08-27 03:01:26,418 - INFO - β… 005930 λ¨λ“  λ°μ΄ν„° μμ§‘ μ™„λ£!
2025-08-27 03:01:26,419 - INFO -   β””β”€ 207940 μ£Όλ³„ λ°μ΄ν„° μƒμ„± μ™„λ£ (459κ° ν–‰)
2025-08-27 03:01:26,421 - INFO - β… 373220 λ¨λ“  λ°μ΄ν„° μμ§‘ μ™„λ£!
2025-08-27 03:01:26,422 - INFO -   β””β”€ 051910 μ›”λ³„ λ°μ΄ν„° μμ§‘ μ¤‘...
2025-08-27 03:01:26,423 - INFO - β… 000660 λ¨λ“  λ°μ΄ν„° μμ§‘ μ™„λ£!
2025-08-27 03:01:26,424 - INFO - π“ 003550 λ°μ΄ν„° μμ§‘ μ‹μ‘...
2025-08-27 03:01:26,427 - INFO - β… 207940 λ¨λ“  λ°μ΄ν„° μμ§‘ μ™„λ£!
2025-08-27 03:01:26,453 - INFO -   β””β”€ 105560 μ›”λ³„ λ°μ΄ν„° μ™„λ£ (147κ° ν–‰)
2025-08-27 03:01:26,453 - INFO -   β””β”€ 003550 μΌλ³„ λ°μ΄ν„° μμ§‘ μ¤‘...
2025-08-27 03:01:26,458 - INFO -   β””β”€ 006400 μΌλ³„ λ°μ΄ν„° μ™„λ£ (3000κ° ν–‰)
2025-08-27 03:01:26,478 - INFO -   β””β”€ 006400 μ›”λ³„ λ°μ΄ν„° μμ§‘ μ¤‘...
2025-08-27 03:01:26,479 - INFO - π“ 012330 λ°μ΄ν„° μμ§‘ μ‹μ‘...
2025-08-27 03:01:26,482 - INFO -   β””β”€ 012330 μΌλ³„ λ°μ΄ν„° μμ§‘ μ¤‘...
2025-08-27 03:01:26,508 - INFO -   β””β”€ 033780 μΌλ³„ λ°μ΄ν„° μ™„λ£ (3000κ° ν–‰)
2025-08-27 03:01:26,510 - INFO -   β””β”€ 105560 μ£Όλ³„ λ°μ΄ν„° μƒμ„± μ™„λ£ (637κ° ν–‰)
2025-08-27 03:01:26,510 - INFO -   β””β”€ 033780 μ›”λ³„ λ°μ΄ν„° μμ§‘ μ¤‘...
2025-08-27 03:01:26,511 - INFO - β… 105560 λ¨λ“  λ°μ΄ν„° μμ§‘ μ™„λ£!
2025-08-27 03:01:26,547 - INFO - π“ 017670 λ°μ΄ν„° μμ§‘ μ‹μ‘...
2025-08-27 03:01:26,549 - INFO -   β””β”€ 017670 μΌλ³„ λ°μ΄ν„° μμ§‘ μ¤‘...
2025-08-27 03:01:26,569 - INFO -   β””β”€ 003550 μΌλ³„ λ°μ΄ν„° μ™„λ£ (3000κ° ν–‰)
2025-08-27 03:01:26,573 - INFO -   β””β”€ 051910 μ›”λ³„ λ°μ΄ν„° μ™„λ£ (147κ° ν–‰)
2025-08-27 03:01:26,581 - INFO -   β””β”€ 003550 μ›”λ³„ λ°μ΄ν„° μμ§‘ μ¤‘...
2025-08-27 03:01:26,609 - INFO - π“ 090430 λ°μ΄ν„° μμ§‘ μ‹μ‘...
2025-08-27 03:01:26,617 - INFO -   β””β”€ 090430 μΌλ³„ λ°μ΄ν„° μμ§‘ μ¤‘...
2025-08-27 03:01:26,668 - INFO - π“ 009830 λ°μ΄ν„° μμ§‘ μ‹μ‘...
2025-08-27 03:01:26,671 - INFO -   β””β”€ 012330 μΌλ³„ λ°μ΄ν„° μ™„λ£ (3000κ° ν–‰)
2025-08-27 03:01:26,671 - INFO -   β””β”€ 009830 μΌλ³„ λ°μ΄ν„° μμ§‘ μ¤‘...
2025-08-27 03:01:26,672 - INFO -   β””β”€ 012330 μ›”λ³„ λ°μ΄ν„° μμ§‘ μ¤‘...
2025-08-27 03:01:26,696 - INFO -   β””β”€ 017670 μΌλ³„ λ°μ΄ν„° μ™„λ£ (3000κ° ν–‰)
2025-08-27 03:01:26,699 - INFO -   β””β”€ 017670 μ›”λ³„ λ°μ΄ν„° μμ§‘ μ¤‘...
2025-08-27 03:01:26,704 - INFO -   β””β”€ 051910 μ£Όλ³„ λ°μ΄ν„° μƒμ„± μ™„λ£ (637κ° ν–‰)
2025-08-27 03:01:26,706 - INFO - β… 051910 λ¨λ“  λ°μ΄ν„° μμ§‘ μ™„λ£!
2025-08-27 03:01:26,708 - INFO - π“ 012450 λ°μ΄ν„° μμ§‘ μ‹μ‘...
2025-08-27 03:01:26,717 - INFO -   β””β”€ 012450 μΌλ³„ λ°μ΄ν„° μμ§‘ μ¤‘...
2025-08-27 03:01:26,744 - INFO -   β””β”€ 006400 μ›”λ³„ λ°μ΄ν„° μ™„λ£ (147κ° ν–‰)
2025-08-27 03:01:26,749 - INFO -   β””β”€ 033780 μ›”λ³„ λ°μ΄ν„° μ™„λ£ (147κ° ν–‰)
2025-08-27 03:01:26,775 - INFO -   β””β”€ 090430 μΌλ³„ λ°μ΄ν„° μ™„λ£ (3000κ° ν–‰)
2025-08-27 03:01:26,783 - INFO -   β””β”€ 090430 μ›”λ³„ λ°μ΄ν„° μμ§‘ μ¤‘...
2025-08-27 03:01:26,820 - INFO -   β””β”€ 009830 μΌλ³„ λ°μ΄ν„° μ™„λ£ (3000κ° ν–‰)
2025-08-27 03:01:26,832 - INFO -   β””β”€ 009830 μ›”λ³„ λ°μ΄ν„° μμ§‘ μ¤‘...
2025-08-27 03:01:26,866 - INFO -   β””β”€ 006400 μ£Όλ³„ λ°μ΄ν„° μƒμ„± μ™„λ£ (637κ° ν–‰)
2025-08-27 03:01:26,867 - INFO - β… 006400 λ¨λ“  λ°μ΄ν„° μμ§‘ μ™„λ£!
2025-08-27 03:01:26,868 - INFO - π“ 010140 λ°μ΄ν„° μμ§‘ μ‹μ‘...
2025-08-27 03:01:26,870 - INFO -   β””β”€ 010140 μΌλ³„ λ°μ΄ν„° μμ§‘ μ¤‘...
2025-08-27 03:01:26,874 - INFO -   β””β”€ 012450 μΌλ³„ λ°μ΄ν„° μ™„λ£ (3000κ° ν–‰)
2025-08-27 03:01:26,876 - INFO -   β””β”€ 012450 μ›”λ³„ λ°μ΄ν„° μμ§‘ μ¤‘...
2025-08-27 03:01:26,880 - INFO -   β””β”€ 003550 μ›”λ³„ λ°μ΄ν„° μ™„λ£ (147κ° ν–‰)
2025-08-27 03:01:26,918 - INFO -   β””β”€ 012330 μ›”λ³„ λ°μ΄ν„° μ™„λ£ (147κ° ν–‰)
2025-08-27 03:01:26,918 - INFO -   β””β”€ 033780 μ£Όλ³„ λ°μ΄ν„° μƒμ„± μ™„λ£ (637κ° ν–‰)
2025-08-27 03:01:26,921 - INFO - β… 033780 λ¨λ“  λ°μ΄ν„° μμ§‘ μ™„λ£!
2025-08-27 03:01:26,921 - INFO - π“ 088350 λ°μ΄ν„° μμ§‘ μ‹μ‘...
2025-08-27 03:01:26,921 - INFO -   β””β”€ 088350 μΌλ³„ λ°μ΄ν„° μμ§‘ μ¤‘...
2025-08-27 03:01:26,941 - INFO -   β””β”€ 017670 μ›”λ³„ λ°μ΄ν„° μ™„λ£ (147κ° ν–‰)
2025-08-27 03:01:26,997 - INFO -   β””β”€ 003550 μ£Όλ³„ λ°μ΄ν„° μƒμ„± μ™„λ£ (637κ° ν–‰)
2025-08-27 03:01:27,009 - INFO - β… 003550 λ¨λ“  λ°μ΄ν„° μμ§‘ μ™„λ£!
2025-08-27 03:01:27,010 - INFO - π“ 034020 λ°μ΄ν„° μμ§‘ μ‹μ‘...
2025-08-27 03:01:27,019 - INFO -   β””β”€ 034020 μΌλ³„ λ°μ΄ν„° μμ§‘ μ¤‘...
2025-08-27 03:01:27,023 - INFO -   β””β”€ 010140 μΌλ³„ λ°μ΄ν„° μ™„λ£ (3000κ° ν–‰)
2025-08-27 03:01:27,030 - INFO -   β””β”€ 012330 μ£Όλ³„ λ°μ΄ν„° μƒμ„± μ™„λ£ (637κ° ν–‰)
2025-08-27 03:01:27,032 - INFO -   β””β”€ 090430 μ›”λ³„ λ°μ΄ν„° μ™„λ£ (147κ° ν–‰)
2025-08-27 03:01:27,032 - INFO -   β””β”€ 017670 μ£Όλ³„ λ°μ΄ν„° μƒμ„± μ™„λ£ (637κ° ν–‰)
2025-08-27 03:01:27,036 - INFO -   β””β”€ 010140 μ›”λ³„ λ°μ΄ν„° μμ§‘ μ¤‘...
2025-08-27 03:01:27,038 - INFO - β… 012330 λ¨λ“  λ°μ΄ν„° μμ§‘ μ™„λ£!
2025-08-27 03:01:27,092 - INFO - β… 017670 λ¨λ“  λ°μ΄ν„° μμ§‘ μ™„λ£!
2025-08-27 03:01:27,104 - INFO - π“ 003490 λ°μ΄ν„° μμ§‘ μ‹μ‘...
2025-08-27 03:01:27,106 - INFO - π“ 028260 λ°μ΄ν„° μμ§‘ μ‹μ‘...
2025-08-27 03:01:27,107 - INFO -   β””β”€ 003490 μΌλ³„ λ°μ΄ν„° μμ§‘ μ¤‘...
2025-08-27 03:01:27,107 - INFO -   β””β”€ 028260 μΌλ³„ λ°μ΄ν„° μμ§‘ μ¤‘...
2025-08-27 03:01:27,109 - INFO -   β””β”€ 009830 μ›”λ³„ λ°μ΄ν„° μ™„λ£ (147κ° ν–‰)
2025-08-27 03:01:27,111 - INFO -   β””β”€ 012450 μ›”λ³„ λ°μ΄ν„° μ™„λ£ (147κ° ν–‰)
2025-08-27 03:01:27,136 - INFO -   β””β”€ 088350 μΌλ³„ λ°μ΄ν„° μ™„λ£ (3000κ° ν–‰)
2025-08-27 03:01:27,140 - INFO -   β””β”€ 088350 μ›”λ³„ λ°μ΄ν„° μμ§‘ μ¤‘...
2025-08-27 03:01:27,194 - INFO -   β””β”€ 090430 μ£Όλ³„ λ°μ΄ν„° μƒμ„± μ™„λ£ (637κ° ν–‰)
2025-08-27 03:01:27,218 - INFO - β… 090430 λ¨λ“  λ°μ΄ν„° μμ§‘ μ™„λ£!
2025-08-27 03:01:27,220 - INFO - π“ 066570 λ°μ΄ν„° μμ§‘ μ‹μ‘...
2025-08-27 03:01:27,233 - INFO -   β””β”€ 066570 μΌλ³„ λ°μ΄ν„° μμ§‘ μ¤‘...
2025-08-27 03:01:27,236 - INFO -   β””β”€ 034020 μΌλ³„ λ°μ΄ν„° μ™„λ£ (3000κ° ν–‰)
2025-08-27 03:01:27,247 - INFO -   β””β”€ 034020 μ›”λ³„ λ°μ΄ν„° μμ§‘ μ¤‘...
2025-08-27 03:01:27,254 - INFO -   β””β”€ 028260 μΌλ³„ λ°μ΄ν„° μ™„λ£ (2624κ° ν–‰)
2025-08-27 03:01:27,256 - INFO -   β””β”€ 028260 μ›”λ³„ λ°μ΄ν„° μμ§‘ μ¤‘...
2025-08-27 03:01:27,262 - INFO -   β””β”€ 009830 μ£Όλ³„ λ°μ΄ν„° μƒμ„± μ™„λ£ (637κ° ν–‰)
2025-08-27 03:01:27,281 - INFO -   β””β”€ 012450 μ£Όλ³„ λ°μ΄ν„° μƒμ„± μ™„λ£ (637κ° ν–‰)
2025-08-27 03:01:27,282 - INFO - β… 009830 λ¨λ“  λ°μ΄ν„° μμ§‘ μ™„λ£!
2025-08-27 03:01:27,289 - INFO - β… 012450 λ¨λ“  λ°μ΄ν„° μμ§‘ μ™„λ£!
2025-08-27 03:01:27,289 - INFO - π“ 009150 λ°μ΄ν„° μμ§‘ μ‹μ‘...
2025-08-27 03:01:27,291 - INFO -   β””β”€ 010140 μ›”λ³„ λ°μ΄ν„° μ™„λ£ (147κ° ν–‰)
2025-08-27 03:01:27,293 - INFO -   β””β”€ 003490 μΌλ³„ λ°μ΄ν„° μ™„λ£ (3000κ° ν–‰)
2025-08-27 03:01:27,298 - INFO - π“ 096770 λ°μ΄ν„° μμ§‘ μ‹μ‘...
2025-08-27 03:01:27,298 - INFO -   β””β”€ 009150 μΌλ³„ λ°μ΄ν„° μμ§‘ μ¤‘...
2025-08-27 03:01:27,300 - INFO -   β””β”€ 003490 μ›”λ³„ λ°μ΄ν„° μμ§‘ μ¤‘...
2025-08-27 03:01:27,301 - INFO -   β””β”€ 096770 μΌλ³„ λ°μ΄ν„° μμ§‘ μ¤‘...
2025-08-27 03:01:27,351 - INFO -   β””β”€ 088350 μ›”λ³„ λ°μ΄ν„° μ™„λ£ (147κ° ν–‰)
2025-08-27 03:01:27,394 - INFO -   β””β”€ 010140 μ£Όλ³„ λ°μ΄ν„° μƒμ„± μ™„λ£ (637κ° ν–‰)
2025-08-27 03:01:27,401 - INFO - β… 010140 λ¨λ“  λ°μ΄ν„° μμ§‘ μ™„λ£!
2025-08-27 03:01:27,441 - INFO - π“ 024110 λ°μ΄ν„° μμ§‘ μ‹μ‘...
2025-08-27 03:01:27,442 - INFO -   β””β”€ 024110 μΌλ³„ λ°μ΄ν„° μμ§‘ μ¤‘...
2025-08-27 03:01:27,464 - INFO -   β””β”€ 096770 μΌλ³„ λ°μ΄ν„° μ™„λ£ (3000κ° ν–‰)
2025-08-27 03:01:27,466 - INFO -   β””β”€ 028260 μ›”λ³„ λ°μ΄ν„° μ™„λ£ (129κ° ν–‰)
2025-08-27 03:01:27,467 - INFO -   β””β”€ 096770 μ›”λ³„ λ°μ΄ν„° μμ§‘ μ¤‘...
2025-08-27 03:01:27,478 - INFO -   β””β”€ 066570 μΌλ³„ λ°μ΄ν„° μ™„λ£ (3000κ° ν–‰)
2025-08-27 03:01:27,480 - INFO -   β””β”€ 066570 μ›”λ³„ λ°μ΄ν„° μμ§‘ μ¤‘...
2025-08-27 03:01:27,481 - INFO -   β””β”€ 034020 μ›”λ³„ λ°μ΄ν„° μ™„λ£ (147κ° ν–‰)
2025-08-27 03:01:27,487 - INFO -   β””β”€ 009150 μΌλ³„ λ°μ΄ν„° μ™„λ£ (3000κ° ν–‰)
2025-08-27 03:01:27,488 - INFO -   β””β”€ 009150 μ›”λ³„ λ°μ΄ν„° μμ§‘ μ¤‘...
2025-08-27 03:01:27,534 - INFO -   β””β”€ 034020 μ£Όλ³„ λ°μ΄ν„° μƒμ„± μ™„λ£ (637κ° ν–‰)
2025-08-27 03:01:27,536 - INFO -   β””β”€ 088350 μ£Όλ³„ λ°μ΄ν„° μƒμ„± μ™„λ£ (637κ° ν–‰)
2025-08-27 03:01:27,542 - INFO - β… 034020 λ¨λ“  λ°μ΄ν„° μμ§‘ μ™„λ£!
2025-08-27 03:01:27,542 - INFO - β… 088350 λ¨λ“  λ°μ΄ν„° μμ§‘ μ™„λ£!
2025-08-27 03:01:27,544 - INFO - π“ 316140 λ°μ΄ν„° μμ§‘ μ‹μ‘...
2025-08-27 03:01:27,546 - INFO -   β””β”€ 003490 μ›”λ³„ λ°μ΄ν„° μ™„λ£ (147κ° ν–‰)
2025-08-27 03:01:27,547 - INFO - π“ 011200 λ°μ΄ν„° μμ§‘ μ‹μ‘...
2025-08-27 03:01:27,547 - INFO -   β””β”€ 316140 μΌλ³„ λ°μ΄ν„° μμ§‘ μ¤‘...
2025-08-27 03:01:27,549 - INFO -   β””β”€ 028260 μ£Όλ³„ λ°μ΄ν„° μƒμ„± μ™„λ£ (558κ° ν–‰)
2025-08-27 03:01:27,552 - INFO -   β””β”€ 011200 μΌλ³„ λ°μ΄ν„° μμ§‘ μ¤‘...
2025-08-27 03:01:27,605 - INFO - β… 028260 λ¨λ“  λ°μ΄ν„° μμ§‘ μ™„λ£!
2025-08-27 03:01:27,634 - INFO - π“ 010130 λ°μ΄ν„° μμ§‘ μ‹μ‘...
2025-08-27 03:01:27,637 - INFO -   β””β”€ 010130 μΌλ³„ λ°μ΄ν„° μμ§‘ μ¤‘...
2025-08-27 03:01:27,682 - INFO -   β””β”€ 024110 μΌλ³„ λ°μ΄ν„° μ™„λ£ (3000κ° ν–‰)
2025-08-27 03:01:27,684 - INFO -   β””β”€ 024110 μ›”λ³„ λ°μ΄ν„° μμ§‘ μ¤‘...
2025-08-27 03:01:27,713 - INFO -   β””β”€ 316140 μΌλ³„ λ°μ΄ν„° μ™„λ£ (1608κ° ν–‰)
2025-08-27 03:01:27,715 - INFO -   β””β”€ 316140 μ›”λ³„ λ°μ΄ν„° μμ§‘ μ¤‘...
2025-08-27 03:01:27,718 - INFO -   β””β”€ 096770 μ›”λ³„ λ°μ΄ν„° μ™„λ£ (147κ° ν–‰)
2025-08-27 03:01:27,775 - INFO -   β””β”€ 066570 μ›”λ³„ λ°μ΄ν„° μ™„λ£ (147κ° ν–‰)
2025-08-27 03:01:27,787 - INFO -   β””β”€ 003490 μ£Όλ³„ λ°μ΄ν„° μƒμ„± μ™„λ£ (637κ° ν–‰)
2025-08-27 03:01:27,788 - INFO - β… 003490 λ¨λ“  λ°μ΄ν„° μμ§‘ μ™„λ£!
2025-08-27 03:01:27,789 - INFO -   β””β”€ 011200 μΌλ³„ λ°μ΄ν„° μ™„λ£ (3000κ° ν–‰)
2025-08-27 03:01:27,789 - INFO - π“ 055550 λ°μ΄ν„° μμ§‘ μ‹μ‘...
2025-08-27 03:01:27,790 - INFO -   β””β”€ 011200 μ›”λ³„ λ°μ΄ν„° μμ§‘ μ¤‘...
2025-08-27 03:01:27,805 - INFO -   β””β”€ 055550 μΌλ³„ λ°μ΄ν„° μμ§‘ μ¤‘...
2025-08-27 03:01:27,845 - INFO -   β””β”€ 010130 μΌλ³„ λ°μ΄ν„° μ™„λ£ (3000κ° ν–‰)
2025-08-27 03:01:27,847 - INFO -   β””β”€ 009150 μ›”λ³„ λ°μ΄ν„° μ™„λ£ (147κ° ν–‰)
2025-08-27 03:01:27,848 - INFO -   β””β”€ 010130 μ›”λ³„ λ°μ΄ν„° μμ§‘ μ¤‘...
2025-08-27 03:01:27,869 - INFO -   β””β”€ 096770 μ£Όλ³„ λ°μ΄ν„° μƒμ„± μ™„λ£ (637κ° ν–‰)
2025-08-27 03:01:27,871 - INFO - β… 096770 λ¨λ“  λ°μ΄ν„° μμ§‘ μ™„λ£!
2025-08-27 03:01:27,886 - INFO - π“ 030200 λ°μ΄ν„° μμ§‘ μ‹μ‘...
2025-08-27 03:01:27,889 - INFO -   β””β”€ 030200 μΌλ³„ λ°μ΄ν„° μμ§‘ μ¤‘...
2025-08-27 03:01:27,891 - INFO -   β””β”€ 066570 μ£Όλ³„ λ°μ΄ν„° μƒμ„± μ™„λ£ (637κ° ν–‰)
2025-08-27 03:01:27,905 - INFO -   β””β”€ 024110 μ›”λ³„ λ°μ΄ν„° μ™„λ£ (147κ° ν–‰)
2025-08-27 03:01:27,907 - INFO - β… 066570 λ¨λ“  λ°μ΄ν„° μμ§‘ μ™„λ£!
2025-08-27 03:01:27,909 - INFO - π“ 011170 λ°μ΄ν„° μμ§‘ μ‹μ‘...
2025-08-27 03:01:27,911 - INFO -   β””β”€ 011170 μΌλ³„ λ°μ΄ν„° μμ§‘ μ¤‘...
2025-08-27 03:01:27,920 - INFO -   β””β”€ 316140 μ›”λ³„ λ°μ΄ν„° μ™„λ£ (79κ° ν–‰)
2025-08-27 03:01:27,938 - INFO -   β””β”€ 009150 μ£Όλ³„ λ°μ΄ν„° μƒμ„± μ™„λ£ (637κ° ν–‰)
2025-08-27 03:01:27,987 - INFO - β… 009150 λ¨λ“  λ°μ΄ν„° μμ§‘ μ™„λ£!
2025-08-27 03:01:28,000 - INFO - π“ 004990 λ°μ΄ν„° μμ§‘ μ‹μ‘...
2025-08-27 03:01:28,026 - INFO -   β””β”€ 004990 μΌλ³„ λ°μ΄ν„° μμ§‘ μ¤‘...
2025-08-27 03:01:28,031 - INFO -   β””β”€ 030200 μΌλ³„ λ°μ΄ν„° μ™„λ£ (3000κ° ν–‰)
2025-08-27 03:01:28,034 - INFO -   β””β”€ 055550 μΌλ³„ λ°μ΄ν„° μ™„λ£ (3000κ° ν–‰)
2025-08-27 03:01:28,036 - INFO -   β””β”€ 030200 μ›”λ³„ λ°μ΄ν„° μμ§‘ μ¤‘...
2025-08-27 03:01:28,041 - INFO -   β””β”€ 010130 μ›”λ³„ λ°μ΄ν„° μ™„λ£ (147κ° ν–‰)
2025-08-27 03:01:28,041 - INFO -   β””β”€ 055550 μ›”λ³„ λ°μ΄ν„° μμ§‘ μ¤‘...
2025-08-27 03:01:28,070 - INFO -   β””β”€ 316140 μ£Όλ³„ λ°μ΄ν„° μƒμ„± μ™„λ£ (342κ° ν–‰)
2025-08-27 03:01:28,072 - INFO -   β””β”€ 024110 μ£Όλ³„ λ°μ΄ν„° μƒμ„± μ™„λ£ (637κ° ν–‰)
2025-08-27 03:01:28,073 - INFO - β… 316140 λ¨λ“  λ°μ΄ν„° μμ§‘ μ™„λ£!
2025-08-27 03:01:28,086 - INFO - β… 024110 λ¨λ“  λ°μ΄ν„° μμ§‘ μ™„λ£!
2025-08-27 03:01:28,087 - INFO -   β””β”€ 011200 μ›”λ³„ λ°μ΄ν„° μ™„λ£ (147κ° ν–‰)
2025-08-27 03:01:28,088 - INFO - π“ 336260 λ°μ΄ν„° μμ§‘ μ‹μ‘...
2025-08-27 03:01:28,088 - INFO - π“ 029780 λ°μ΄ν„° μμ§‘ μ‹μ‘...
2025-08-27 03:01:28,089 - INFO -   β””β”€ 011170 μΌλ³„ λ°μ΄ν„° μ™„λ£ (3000κ° ν–‰)
2025-08-27 03:01:28,090 - INFO -   β””β”€ 336260 μΌλ³„ λ°μ΄ν„° μμ§‘ μ¤‘...
2025-08-27 03:01:28,091 - INFO -   β””β”€ 029780 μΌλ³„ λ°μ΄ν„° μμ§‘ μ¤‘...
2025-08-27 03:01:28,109 - INFO -   β””β”€ 011170 μ›”λ³„ λ°μ΄ν„° μμ§‘ μ¤‘...
2025-08-27 03:01:28,126 - INFO -   β””β”€ 010130 μ£Όλ³„ λ°μ΄ν„° μƒμ„± μ™„λ£ (637κ° ν–‰)
2025-08-27 03:01:28,137 - INFO - β… 010130 λ¨λ“  λ°μ΄ν„° μμ§‘ μ™„λ£!
2025-08-27 03:01:28,150 - INFO - π“ 000120 λ°μ΄ν„° μμ§‘ μ‹μ‘...
2025-08-27 03:01:28,152 - INFO -   β””β”€ 000120 μΌλ³„ λ°μ΄ν„° μμ§‘ μ¤‘...
2025-08-27 03:01:28,166 - INFO -   β””β”€ 004990 μΌλ³„ λ°μ΄ν„° μ™„λ£ (3000κ° ν–‰)
2025-08-27 03:01:28,168 - INFO -   β””β”€ 004990 μ›”λ³„ λ°μ΄ν„° μμ§‘ μ¤‘...
2025-08-27 03:01:28,233 - INFO -   β””β”€ 011200 μ£Όλ³„ λ°μ΄ν„° μƒμ„± μ™„λ£ (637κ° ν–‰)
2025-08-27 03:01:28,241 - INFO - β… 011200 λ¨λ“  λ°μ΄ν„° μμ§‘ μ™„λ£!
2025-08-27 03:01:28,248 - INFO - π“ 000720 λ°μ΄ν„° μμ§‘ μ‹μ‘...
2025-08-27 03:01:28,254 - INFO -   β””β”€ 000720 μΌλ³„ λ°μ΄ν„° μμ§‘ μ¤‘...
2025-08-27 03:01:28,304 - INFO -   β””β”€ 336260 μΌλ³„ λ°μ΄ν„° μ™„λ£ (1440κ° ν–‰)
2025-08-27 03:01:28,318 - INFO -   β””β”€ 030200 μ›”λ³„ λ°μ΄ν„° μ™„λ£ (147κ° ν–‰)
2025-08-27 03:01:28,318 - INFO -   β””β”€ 336260 μ›”λ³„ λ°μ΄ν„° μμ§‘ μ¤‘...
2025-08-27 03:01:28,352 - INFO -   β””β”€ 000120 μΌλ³„ λ°μ΄ν„° μ™„λ£ (3000κ° ν–‰)
2025-08-27 03:01:28,354 - INFO -   β””β”€ 000120 μ›”λ³„ λ°μ΄ν„° μμ§‘ μ¤‘...
2025-08-27 03:01:28,372 - INFO -   β””β”€ 029780 μΌλ³„ λ°μ΄ν„° μ™„λ£ (3000κ° ν–‰)
2025-08-27 03:01:28,373 - INFO -   β””β”€ 029780 μ›”λ³„ λ°μ΄ν„° μμ§‘ μ¤‘...
2025-08-27 03:01:28,377 - INFO -   β””β”€ 055550 μ›”λ³„ λ°μ΄ν„° μ™„λ£ (147κ° ν–‰)
2025-08-27 03:01:28,387 - INFO -   β””β”€ 030200 μ£Όλ³„ λ°μ΄ν„° μƒμ„± μ™„λ£ (637κ° ν–‰)
2025-08-27 03:01:28,403 - INFO -   β””β”€ 011170 μ›”λ³„ λ°μ΄ν„° μ™„λ£ (147κ° ν–‰)
2025-08-27 03:01:28,404 - INFO - β… 030200 λ¨λ“  λ°μ΄ν„° μμ§‘ μ™„λ£!
2025-08-27 03:01:28,410 - INFO - π“ 086280 λ°μ΄ν„° μμ§‘ μ‹μ‘...
2025-08-27 03:01:28,447 - INFO -   β””β”€ 086280 μΌλ³„ λ°μ΄ν„° μμ§‘ μ¤‘...
2025-08-27 03:01:28,460 - INFO -   β””β”€ 000720 μΌλ³„ λ°μ΄ν„° μ™„λ£ (3000κ° ν–‰)
2025-08-27 03:01:28,468 - INFO -   β””β”€ 000720 μ›”λ³„ λ°μ΄ν„° μμ§‘ μ¤‘...
2025-08-27 03:01:28,468 - INFO -   β””β”€ 004990 μ›”λ³„ λ°μ΄ν„° μ™„λ£ (147κ° ν–‰)
2025-08-27 03:01:28,516 - INFO -   β””β”€ 336260 μ›”λ³„ λ°μ΄ν„° μ™„λ£ (71κ° ν–‰)
2025-08-27 03:01:28,527 - INFO -   β””β”€ 011170 μ£Όλ³„ λ°μ΄ν„° μƒμ„± μ™„λ£ (637κ° ν–‰)
2025-08-27 03:01:28,551 - INFO - β… 011170 λ¨λ“  λ°μ΄ν„° μμ§‘ μ™„λ£!
2025-08-27 03:01:28,582 - INFO -   β””β”€ 000120 μ›”λ³„ λ°μ΄ν„° μ™„λ£ (147κ° ν–‰)
2025-08-27 03:01:28,583 - INFO -   β””β”€ 055550 μ£Όλ³„ λ°μ΄ν„° μƒμ„± μ™„λ£ (637κ° ν–‰)
2025-08-27 03:01:28,583 - INFO - π“ 002380 λ°μ΄ν„° μμ§‘ μ‹μ‘...
2025-08-27 03:01:28,586 - INFO - β… 055550 λ¨λ“  λ°μ΄ν„° μμ§‘ μ™„λ£!
2025-08-27 03:01:28,587 - INFO -   β””β”€ 002380 μΌλ³„ λ°μ΄ν„° μμ§‘ μ¤‘...
2025-08-27 03:01:28,588 - INFO -   β””β”€ 336260 μ£Όλ³„ λ°μ΄ν„° μƒμ„± μ™„λ£ (307κ° ν–‰)
2025-08-27 03:01:28,590 - INFO -   β””β”€ 086280 μΌλ³„ λ°μ΄ν„° μ™„λ£ (3000κ° ν–‰)
2025-08-27 03:01:28,601 - INFO - π“ 004020 λ°μ΄ν„° μμ§‘ μ‹μ‘...
2025-08-27 03:01:28,623 - INFO - β… 336260 λ¨λ“  λ°μ΄ν„° μμ§‘ μ™„λ£!
2025-08-27 03:01:28,631 - INFO -   β””β”€ 086280 μ›”λ³„ λ°μ΄ν„° μμ§‘ μ¤‘...
2025-08-27 03:01:28,637 - INFO -   β””β”€ 029780 μ›”λ³„ λ°μ΄ν„° μ™„λ£ (147κ° ν–‰)
2025-08-27 03:01:28,638 - INFO -   β””β”€ 004990 μ£Όλ³„ λ°μ΄ν„° μƒμ„± μ™„λ£ (637κ° ν–‰)
2025-08-27 03:01:28,639 - INFO -   β””β”€ 004020 μΌλ³„ λ°μ΄ν„° μμ§‘ μ¤‘...
2025-08-27 03:01:28,642 - INFO - π“ 011790 λ°μ΄ν„° μμ§‘ μ‹μ‘...
2025-08-27 03:01:28,647 - INFO - β… 004990 λ¨λ“  λ°μ΄ν„° μμ§‘ μ™„λ£!
2025-08-27 03:01:28,649 - INFO -   β””β”€ 011790 μΌλ³„ λ°μ΄ν„° μμ§‘ μ¤‘...
2025-08-27 03:01:28,650 - INFO - π“ 006360 λ°μ΄ν„° μμ§‘ μ‹μ‘...
2025-08-27 03:01:28,654 - INFO -   β””β”€ 006360 μΌλ³„ λ°μ΄ν„° μμ§‘ μ¤‘...
2025-08-27 03:01:28,654 - INFO -   β””β”€ 000120 μ£Όλ³„ λ°μ΄ν„° μƒμ„± μ™„λ£ (637κ° ν–‰)
2025-08-27 03:01:28,685 - INFO -   β””β”€ 000720 μ›”λ³„ λ°μ΄ν„° μ™„λ£ (147κ° ν–‰)
2025-08-27 03:01:28,685 - INFO - β… 000120 λ¨λ“  λ°μ΄ν„° μμ§‘ μ™„λ£!
2025-08-27 03:01:28,687 - INFO - π“ 036570 λ°μ΄ν„° μμ§‘ μ‹μ‘...
2025-08-27 03:01:28,687 - INFO -   β””β”€ 036570 μΌλ³„ λ°μ΄ν„° μμ§‘ μ¤‘...
2025-08-27 03:01:28,742 - INFO -   β””β”€ 029780 μ£Όλ³„ λ°μ΄ν„° μƒμ„± μ™„λ£ (637κ° ν–‰)
2025-08-27 03:01:28,748 - INFO - β… 029780 λ¨λ“  λ°μ΄ν„° μμ§‘ μ™„λ£!
2025-08-27 03:01:28,775 - INFO -   β””β”€ 002380 μΌλ³„ λ°μ΄ν„° μ™„λ£ (3000κ° ν–‰)
2025-08-27 03:01:28,785 - INFO - π“ 035250 λ°μ΄ν„° μμ§‘ μ‹μ‘...
2025-08-27 03:01:28,786 - INFO -   β””β”€ 004020 μΌλ³„ λ°μ΄ν„° μ™„λ£ (3000κ° ν–‰)
2025-08-27 03:01:28,786 - INFO -   β””β”€ 002380 μ›”λ³„ λ°μ΄ν„° μμ§‘ μ¤‘...
2025-08-27 03:01:28,786 - INFO -   β””β”€ 011790 μΌλ³„ λ°μ΄ν„° μ™„λ£ (3000κ° ν–‰)
2025-08-27 03:01:28,787 - INFO -   β””β”€ 035250 μΌλ³„ λ°μ΄ν„° μμ§‘ μ¤‘...
2025-08-27 03:01:28,788 - INFO -   β””β”€ 004020 μ›”λ³„ λ°μ΄ν„° μμ§‘ μ¤‘...
2025-08-27 03:01:28,801 - INFO -   β””β”€ 000720 μ£Όλ³„ λ°μ΄ν„° μƒμ„± μ™„λ£ (637κ° ν–‰)
2025-08-27 03:01:28,808 - INFO -   β””β”€ 011790 μ›”λ³„ λ°μ΄ν„° μμ§‘ μ¤‘...
2025-08-27 03:01:28,837 - INFO - β… 000720 λ¨λ“  λ°μ΄ν„° μμ§‘ μ™„λ£!
2025-08-27 03:01:28,840 - INFO - π“ 402340 λ°μ΄ν„° μμ§‘ μ‹μ‘...
2025-08-27 03:01:28,841 - INFO -   β””β”€ 402340 μΌλ³„ λ°μ΄ν„° μμ§‘ μ¤‘...
2025-08-27 03:01:28,844 - INFO -   β””β”€ 036570 μΌλ³„ λ°μ΄ν„° μ™„λ£ (3000κ° ν–‰)
2025-08-27 03:01:28,845 - INFO -   β””β”€ 036570 μ›”λ³„ λ°μ΄ν„° μμ§‘ μ¤‘...
2025-08-27 03:01:28,851 - INFO -   β””β”€ 006360 μΌλ³„ λ°μ΄ν„° μ™„λ£ (3000κ° ν–‰)
2025-08-27 03:01:28,852 - INFO -   β””β”€ 086280 μ›”λ³„ λ°μ΄ν„° μ™„λ£ (147κ° ν–‰)
2025-08-27 03:01:28,852 - INFO -   β””β”€ 006360 μ›”λ³„ λ°μ΄ν„° μμ§‘ μ¤‘...
2025-08-27 03:01:28,877 - INFO -   β””β”€ 086280 μ£Όλ³„ λ°μ΄ν„° μƒμ„± μ™„λ£ (637κ° ν–‰)
2025-08-27 03:01:28,878 - INFO - β… 086280 λ¨λ“  λ°μ΄ν„° μμ§‘ μ™„λ£!
2025-08-27 03:01:28,879 - INFO - π“ 018260 λ°μ΄ν„° μμ§‘ μ‹μ‘...
2025-08-27 03:01:28,880 - INFO -   β””β”€ 018260 μΌλ³„ λ°μ΄ν„° μμ§‘ μ¤‘...
2025-08-27 03:01:28,973 - INFO -   β””β”€ 402340 μΌλ³„ λ°μ΄ν„° μ™„λ£ (917κ° ν–‰)
2025-08-27 03:01:29,016 - INFO -   β””β”€ 402340 μ›”λ³„ λ°μ΄ν„° μμ§‘ μ¤‘...
2025-08-27 03:01:29,019 - INFO -   β””β”€ 035250 μΌλ³„ λ°μ΄ν„° μ™„λ£ (3000κ° ν–‰)
2025-08-27 03:01:29,031 - INFO -   β””β”€ 035250 μ›”λ³„ λ°μ΄ν„° μμ§‘ μ¤‘...
2025-08-27 03:01:29,036 - INFO -   β””β”€ 002380 μ›”λ³„ λ°μ΄ν„° μ™„λ£ (147κ° ν–‰)
2025-08-27 03:01:29,038 - INFO -   β””β”€ 004020 μ›”λ³„ λ°μ΄ν„° μ™„λ£ (147κ° ν–‰)
2025-08-27 03:01:29,039 - INFO -   β””β”€ 018260 μΌλ³„ λ°μ΄ν„° μ™„λ£ (2648κ° ν–‰)
2025-08-27 03:01:29,048 - INFO -   β””β”€ 018260 μ›”λ³„ λ°μ΄ν„° μμ§‘ μ¤‘...
2025-08-27 03:01:29,076 - INFO -   β””β”€ 036570 μ›”λ³„ λ°μ΄ν„° μ™„λ£ (147κ° ν–‰)
2025-08-27 03:01:29,104 - INFO -   β””β”€ 011790 μ›”λ³„ λ°μ΄ν„° μ™„λ£ (147κ° ν–‰)
2025-08-27 03:01:29,108 - INFO -   β””β”€ 006360 μ›”λ³„ λ°μ΄ν„° μ™„λ£ (147κ° ν–‰)
2025-08-27 03:01:29,154 - INFO -   β””β”€ 402340 μ›”λ³„ λ°μ΄ν„° μ™„λ£ (46κ° ν–‰)
2025-08-27 03:01:29,155 - INFO -   β””β”€ 004020 μ£Όλ³„ λ°μ΄ν„° μƒμ„± μ™„λ£ (637κ° ν–‰)
2025-08-27 03:01:29,182 - INFO - β… 004020 λ¨λ“  λ°μ΄ν„° μμ§‘ μ™„λ£!
2025-08-27 03:01:29,219 - INFO - π“ 023530 λ°μ΄ν„° μμ§‘ μ‹μ‘...
2025-08-27 03:01:29,220 - INFO -   β””β”€ 002380 μ£Όλ³„ λ°μ΄ν„° μƒμ„± μ™„λ£ (637κ° ν–‰)
2025-08-27 03:01:29,222 - INFO -   β””β”€ 023530 μΌλ³„ λ°μ΄ν„° μμ§‘ μ¤‘...
2025-08-27 03:01:29,225 - INFO - β… 002380 λ¨λ“  λ°μ΄ν„° μμ§‘ μ™„λ£!
2025-08-27 03:01:29,232 - INFO -   β””β”€ 036570 μ£Όλ³„ λ°μ΄ν„° μƒμ„± μ™„λ£ (637κ° ν–‰)
2025-08-27 03:01:29,244 - INFO -   β””β”€ 402340 μ£Όλ³„ λ°μ΄ν„° μƒμ„± μ™„λ£ (196κ° ν–‰)
2025-08-27 03:01:29,248 - INFO -   β””β”€ 011790 μ£Όλ³„ λ°μ΄ν„° μƒμ„± μ™„λ£ (637κ° ν–‰)
2025-08-27 03:01:29,248 - INFO - π“ 008770 λ°μ΄ν„° μμ§‘ μ‹μ‘...
2025-08-27 03:01:29,249 - INFO - β… 036570 λ¨λ“  λ°μ΄ν„° μμ§‘ μ™„λ£!
2025-08-27 03:01:29,252 - INFO - β… 402340 λ¨λ“  λ°μ΄ν„° μμ§‘ μ™„λ£!
2025-08-27 03:01:29,254 - INFO - β… 011790 λ¨λ“  λ°μ΄ν„° μμ§‘ μ™„λ£!
2025-08-27 03:01:29,256 - INFO -   β””β”€ 006360 μ£Όλ³„ λ°μ΄ν„° μƒμ„± μ™„λ£ (637κ° ν–‰)
2025-08-27 03:01:29,256 - INFO -   β””β”€ 008770 μΌλ³„ λ°μ΄ν„° μμ§‘ μ¤‘...
2025-08-27 03:01:29,257 - INFO - π“ 069960 λ°μ΄ν„° μμ§‘ μ‹μ‘...
2025-08-27 03:01:29,258 - INFO - π“ 035760 λ°μ΄ν„° μμ§‘ μ‹μ‘...
2025-08-27 03:01:29,260 - INFO -   β””β”€ 035250 μ›”λ³„ λ°μ΄ν„° μ™„λ£ (147κ° ν–‰)
2025-08-27 03:01:29,264 - INFO -   β””β”€ 018260 μ›”λ³„ λ°μ΄ν„° μ™„λ£ (130κ° ν–‰)
2025-08-27 03:01:29,268 - INFO - π“ 139480 λ°μ΄ν„° μμ§‘ μ‹μ‘...
2025-08-27 03:01:29,269 - INFO - β… 006360 λ¨λ“  λ°μ΄ν„° μμ§‘ μ™„λ£!
2025-08-27 03:01:29,271 - INFO -   β””β”€ 069960 μΌλ³„ λ°μ΄ν„° μμ§‘ μ¤‘...
2025-08-27 03:01:29,272 - INFO -   β””β”€ 035760 μΌλ³„ λ°μ΄ν„° μμ§‘ μ¤‘...
2025-08-27 03:01:29,273 - INFO -   β””β”€ 139480 μΌλ³„ λ°μ΄ν„° μμ§‘ μ¤‘...
2025-08-27 03:01:29,275 - INFO - π“ 010950 λ°μ΄ν„° μμ§‘ μ‹μ‘...
2025-08-27 03:01:29,324 - INFO -   β””β”€ 010950 μΌλ³„ λ°μ΄ν„° μμ§‘ μ¤‘...
2025-08-27 03:01:29,418 - INFO -   β””β”€ 018260 μ£Όλ³„ λ°μ΄ν„° μƒμ„± μ™„λ£ (563κ° ν–‰)
2025-08-27 03:01:29,419 - INFO -   β””β”€ 023530 μΌλ³„ λ°μ΄ν„° μ™„λ£ (3000κ° ν–‰)
2025-08-27 03:01:29,419 - INFO - β… 018260 λ¨λ“  λ°μ΄ν„° μμ§‘ μ™„λ£!
2025-08-27 03:01:29,420 - INFO -   β””β”€ 023530 μ›”λ³„ λ°μ΄ν„° μμ§‘ μ¤‘...
2025-08-27 03:01:29,421 - INFO -   β””β”€ 035250 μ£Όλ³„ λ°μ΄ν„° μƒμ„± μ™„λ£ (637κ° ν–‰)
2025-08-27 03:01:29,421 - INFO - π“ 456040 λ°μ΄ν„° μμ§‘ μ‹μ‘...
2025-08-27 03:01:29,422 - INFO - β… 035250 λ¨λ“  λ°μ΄ν„° μμ§‘ μ™„λ£!
2025-08-27 03:01:29,424 - INFO -   β””β”€ 456040 μΌλ³„ λ°μ΄ν„° μμ§‘ μ¤‘...
2025-08-27 03:01:29,430 - INFO - π“ 375500 λ°μ΄ν„° μμ§‘ μ‹μ‘...
2025-08-27 03:01:29,432 - INFO -   β””β”€ 375500 μΌλ³„ λ°μ΄ν„° μμ§‘ μ¤‘...
2025-08-27 03:01:29,452 - INFO -   β””β”€ 069960 μΌλ³„ λ°μ΄ν„° μ™„λ£ (3000κ° ν–‰)
2025-08-27 03:01:29,452 - INFO -   β””β”€ 069960 μ›”λ³„ λ°μ΄ν„° μμ§‘ μ¤‘...
2025-08-27 03:01:29,494 - INFO -   β””β”€ 456040 μΌλ³„ λ°μ΄ν„° μ™„λ£ (547κ° ν–‰)
2025-08-27 03:01:29,504 - INFO -   β””β”€ 456040 μ›”λ³„ λ°μ΄ν„° μμ§‘ μ¤‘...
2025-08-27 03:01:29,550 - INFO -   β””β”€ 010950 μΌλ³„ λ°μ΄ν„° μ™„λ£ (3000κ° ν–‰)
2025-08-27 03:01:29,551 - INFO -   β””β”€ 139480 μΌλ³„ λ°μ΄ν„° μ™„λ£ (3000κ° ν–‰)
2025-08-27 03:01:29,551 - INFO -   β””β”€ 010950 μ›”λ³„ λ°μ΄ν„° μμ§‘ μ¤‘...
2025-08-27 03:01:29,566 - INFO -   β””β”€ 139480 μ›”λ³„ λ°μ΄ν„° μμ§‘ μ¤‘...
2025-08-27 03:01:29,587 - INFO -   β””β”€ 035760 μΌλ³„ λ°μ΄ν„° μ™„λ£ (3000κ° ν–‰)
2025-08-27 03:01:29,594 - INFO -   β””β”€ 008770 μΌλ³„ λ°μ΄ν„° μ™„λ£ (3000κ° ν–‰)
2025-08-27 03:01:29,594 - INFO -   β””β”€ 035760 μ›”λ³„ λ°μ΄ν„° μμ§‘ μ¤‘...
2025-08-27 03:01:29,599 - INFO -   β””β”€ 375500 μΌλ³„ λ°μ΄ν„° μ™„λ£ (1126κ° ν–‰)
2025-08-27 03:01:29,611 - INFO -   β””β”€ 008770 μ›”λ³„ λ°μ΄ν„° μμ§‘ μ¤‘...
2025-08-27 03:01:29,616 - INFO -   β””β”€ 375500 μ›”λ³„ λ°μ΄ν„° μμ§‘ μ¤‘...
2025-08-27 03:01:29,619 - INFO -   β””β”€ 456040 μ›”λ³„ λ°μ΄ν„° μ™„λ£ (28κ° ν–‰)
2025-08-27 03:01:29,634 - INFO -   β””β”€ 069960 μ›”λ³„ λ°μ΄ν„° μ™„λ£ (147κ° ν–‰)
2025-08-27 03:01:29,643 - INFO -   β””β”€ 456040 μ£Όλ³„ λ°μ΄ν„° μƒμ„± μ™„λ£ (118κ° ν–‰)
2025-08-27 03:01:29,644 - INFO - β… 456040 λ¨λ“  λ°μ΄ν„° μμ§‘ μ™„λ£!
2025-08-27 03:01:29,666 - INFO -   β””β”€ 023530 μ›”λ³„ λ°μ΄ν„° μ™„λ£ (147κ° ν–‰)
2025-08-27 03:01:29,680 - INFO - π“ 064350 λ°μ΄ν„° μμ§‘ μ‹μ‘...
2025-08-27 03:01:29,698 - INFO -   β””β”€ 069960 μ£Όλ³„ λ°μ΄ν„° μƒμ„± μ™„λ£ (637κ° ν–‰)
2025-08-27 03:01:29,711 - INFO -   β””β”€ 064350 μΌλ³„ λ°μ΄ν„° μμ§‘ μ¤‘...
2025-08-27 03:01:29,722 - INFO - β… 069960 λ¨λ“  λ°μ΄ν„° μμ§‘ μ™„λ£!
2025-08-27 03:01:29,751 - INFO - π“ 018880 λ°μ΄ν„° μμ§‘ μ‹μ‘...
2025-08-27 03:01:29,856 - INFO -   β””β”€ 018880 μΌλ³„ λ°μ΄ν„° μμ§‘ μ¤‘...
2025-08-27 03:01:29,892 - INFO -   β””β”€ 035760 μ›”λ³„ λ°μ΄ν„° μ™„λ£ (147κ° ν–‰)
2025-08-27 03:01:29,894 - INFO -   β””β”€ 375500 μ›”λ³„ λ°μ΄ν„° μ™„λ£ (56κ° ν–‰)
2025-08-27 03:01:29,920 - INFO -   β””β”€ 023530 μ£Όλ³„ λ°μ΄ν„° μƒμ„± μ™„λ£ (637κ° ν–‰)
2025-08-27 03:01:29,933 - INFO - β… 023530 λ¨λ“  λ°μ΄ν„° μμ§‘ μ™„λ£!
2025-08-27 03:01:29,941 - INFO - π“ 007070 λ°μ΄ν„° μμ§‘ μ‹μ‘...
2025-08-27 03:01:29,942 - INFO -   β””β”€ 139480 μ›”λ³„ λ°μ΄ν„° μ™„λ£ (147κ° ν–‰)
2025-08-27 03:01:29,950 - INFO -   β””β”€ 007070 μΌλ³„ λ°μ΄ν„° μμ§‘ μ¤‘...
2025-08-27 03:01:29,953 - INFO -   β””β”€ 375500 μ£Όλ³„ λ°μ΄ν„° μƒμ„± μ™„λ£ (240κ° ν–‰)
2025-08-27 03:01:29,970 - INFO -   β””β”€ 008770 μ›”λ³„ λ°μ΄ν„° μ™„λ£ (147κ° ν–‰)
2025-08-27 03:01:29,970 - INFO - β… 375500 λ¨λ“  λ°μ΄ν„° μμ§‘ μ™„λ£!
2025-08-27 03:01:29,973 - INFO -   β””β”€ 010950 μ›”λ³„ λ°μ΄ν„° μ™„λ£ (147κ° ν–‰)
2025-08-27 03:01:29,974 - INFO - π“ 120110 λ°μ΄ν„° μμ§‘ μ‹μ‘...
2025-08-27 03:01:29,977 - INFO -   β””β”€ 064350 μΌλ³„ λ°μ΄ν„° μ™„λ£ (2904κ° ν–‰)
2025-08-27 03:01:29,977 - INFO -   β””β”€ 120110 μΌλ³„ λ°μ΄ν„° μμ§‘ μ¤‘...
2025-08-27 03:01:29,979 - INFO -   β””β”€ 064350 μ›”λ³„ λ°μ΄ν„° μμ§‘ μ¤‘...
2025-08-27 03:01:30,011 - INFO -   β””β”€ 035760 μ£Όλ³„ λ°μ΄ν„° μƒμ„± μ™„λ£ (637κ° ν–‰)
2025-08-27 03:01:30,013 - INFO - β… 035760 λ¨λ“  λ°μ΄ν„° μμ§‘ μ™„λ£!
2025-08-27 03:01:30,039 - INFO - π“ 011210 λ°μ΄ν„° μμ§‘ μ‹μ‘...
2025-08-27 03:01:30,046 - INFO -   β””β”€ 011210 μΌλ³„ λ°μ΄ν„° μμ§‘ μ¤‘...
2025-08-27 03:01:30,047 - INFO -   β””β”€ 018880 μΌλ³„ λ°μ΄ν„° μ™„λ£ (3000κ° ν–‰)
2025-08-27 03:01:30,068 - INFO -   β””β”€ 018880 μ›”λ³„ λ°μ΄ν„° μμ§‘ μ¤‘...
2025-08-27 03:01:30,074 - INFO -   β””β”€ 139480 μ£Όλ³„ λ°μ΄ν„° μƒμ„± μ™„λ£ (637κ° ν–‰)
2025-08-27 03:01:30,076 - INFO - β… 139480 λ¨λ“  λ°μ΄ν„° μμ§‘ μ™„λ£!
2025-08-27 03:01:30,076 - INFO -   β””β”€ 008770 μ£Όλ³„ λ°μ΄ν„° μƒμ„± μ™„λ£ (637κ° ν–‰)
2025-08-27 03:01:30,077 - INFO -   β””β”€ 007070 μΌλ³„ λ°μ΄ν„° μ™„λ£ (3000κ° ν–‰)
2025-08-27 03:01:30,077 - INFO - π“ 000880 λ°μ΄ν„° μμ§‘ μ‹μ‘...
2025-08-27 03:01:30,078 - INFO - β… 008770 λ¨λ“  λ°μ΄ν„° μμ§‘ μ™„λ£!
2025-08-27 03:01:30,079 - INFO -   β””β”€ 010950 μ£Όλ³„ λ°μ΄ν„° μƒμ„± μ™„λ£ (637κ° ν–‰)
2025-08-27 03:01:30,079 - INFO -   β””β”€ 007070 μ›”λ³„ λ°μ΄ν„° μμ§‘ μ¤‘...
2025-08-27 03:01:30,079 - INFO -   β””β”€ 000880 μΌλ³„ λ°μ΄ν„° μμ§‘ μ¤‘...
2025-08-27 03:01:30,080 - INFO - π“ 006650 λ°μ΄ν„° μμ§‘ μ‹μ‘...
2025-08-27 03:01:30,080 - INFO - β… 010950 λ¨λ“  λ°μ΄ν„° μμ§‘ μ™„λ£!
2025-08-27 03:01:30,084 - INFO -   β””β”€ 006650 μΌλ³„ λ°μ΄ν„° μμ§‘ μ¤‘...
2025-08-27 03:01:30,102 - INFO - π“ 001450 λ°μ΄ν„° μμ§‘ μ‹μ‘...
2025-08-27 03:01:30,105 - INFO -   β””β”€ 001450 μΌλ³„ λ°μ΄ν„° μμ§‘ μ¤‘...
2025-08-27 03:01:30,120 - INFO -   β””β”€ 120110 μΌλ³„ λ°μ΄ν„° μ™„λ£ (3000κ° ν–‰)
2025-08-27 03:01:30,125 - INFO -   β””β”€ 120110 μ›”λ³„ λ°μ΄ν„° μμ§‘ μ¤‘...
2025-08-27 03:01:30,160 - INFO -   β””β”€ 064350 μ›”λ³„ λ°μ΄ν„° μ™„λ£ (143κ° ν–‰)
2025-08-27 03:01:30,185 - INFO -   β””β”€ 011210 μΌλ³„ λ°μ΄ν„° μ™„λ£ (3000κ° ν–‰)
2025-08-27 03:01:30,216 - INFO -   β””β”€ 011210 μ›”λ³„ λ°μ΄ν„° μμ§‘ μ¤‘...
2025-08-27 03:01:30,263 - INFO -   β””β”€ 064350 μ£Όλ³„ λ°μ΄ν„° μƒμ„± μ™„λ£ (617κ° ν–‰)
2025-08-27 03:01:30,268 - INFO - β… 064350 λ¨λ“  λ°μ΄ν„° μμ§‘ μ™„λ£!
2025-08-27 03:01:30,269 - INFO - π“ 180640 λ°μ΄ν„° μμ§‘ μ‹μ‘...
2025-08-27 03:01:30,271 - INFO -   β””β”€ 180640 μΌλ³„ λ°μ΄ν„° μμ§‘ μ¤‘...
2025-08-27 03:01:30,272 - INFO -   β””β”€ 000880 μΌλ³„ λ°μ΄ν„° μ™„λ£ (3000κ° ν–‰)
2025-08-27 03:01:30,272 - INFO -   β””β”€ 001450 μΌλ³„ λ°μ΄ν„° μ™„λ£ (3000κ° ν–‰)
2025-08-27 03:01:30,273 - INFO -   β””β”€ 006650 μΌλ³„ λ°μ΄ν„° μ™„λ£ (3000κ° ν–‰)
2025-08-27 03:01:30,284 - INFO -   β””β”€ 000880 μ›”λ³„ λ°μ΄ν„° μμ§‘ μ¤‘...
2025-08-27 03:01:30,292 - INFO -   β””β”€ 001450 μ›”λ³„ λ°μ΄ν„° μμ§‘ μ¤‘...
2025-08-27 03:01:30,297 - INFO -   β””β”€ 018880 μ›”λ³„ λ°μ΄ν„° μ™„λ£ (147κ° ν–‰)
2025-08-27 03:01:30,299 - INFO -   β””β”€ 006650 μ›”λ³„ λ°μ΄ν„° μμ§‘ μ¤‘...
2025-08-27 03:01:30,304 - INFO -   β””β”€ 007070 μ›”λ³„ λ°μ΄ν„° μ™„λ£ (147κ° ν–‰)
2025-08-27 03:01:30,360 - INFO -   β””β”€ 120110 μ›”λ³„ λ°μ΄ν„° μ™„λ£ (147κ° ν–‰)
2025-08-27 03:01:30,414 - INFO -   β””β”€ 018880 μ£Όλ³„ λ°μ΄ν„° μƒμ„± μ™„λ£ (637κ° ν–‰)
2025-08-27 03:01:30,419 - INFO - β… 018880 λ¨λ“  λ°μ΄ν„° μμ§‘ μ™„λ£!
2025-08-27 03:01:30,429 - INFO - π“ 004000 λ°μ΄ν„° μμ§‘ μ‹μ‘...
2025-08-27 03:01:30,465 - INFO -   β””β”€ 004000 μΌλ³„ λ°μ΄ν„° μμ§‘ μ¤‘...
2025-08-27 03:01:30,490 - INFO -   β””β”€ 011210 μ›”λ³„ λ°μ΄ν„° μ™„λ£ (147κ° ν–‰)
2025-08-27 03:01:30,506 - INFO -   β””β”€ 007070 μ£Όλ³„ λ°μ΄ν„° μƒμ„± μ™„λ£ (637κ° ν–‰)
2025-08-27 03:01:30,508 - INFO - β… 007070 λ¨λ“  λ°μ΄ν„° μμ§‘ μ™„λ£!
2025-08-27 03:01:30,508 - INFO -   β””β”€ 180640 μΌλ³„ λ°μ΄ν„° μ™„λ£ (2931κ° ν–‰)
2025-08-27 03:01:30,509 - INFO - π“ 282330 λ°μ΄ν„° μμ§‘ μ‹μ‘...
2025-08-27 03:01:30,511 - INFO -   β””β”€ 180640 μ›”λ³„ λ°μ΄ν„° μμ§‘ μ¤‘...
2025-08-27 03:01:30,534 - INFO -   β””β”€ 120110 μ£Όλ³„ λ°μ΄ν„° μƒμ„± μ™„λ£ (637κ° ν–‰)
2025-08-27 03:01:30,536 - INFO -   β””β”€ 282330 μΌλ³„ λ°μ΄ν„° μμ§‘ μ¤‘...
2025-08-27 03:01:30,543 - INFO - β… 120110 λ¨λ“  λ°μ΄ν„° μμ§‘ μ™„λ£!
2025-08-27 03:01:30,549 - INFO - π“ 112610 λ°μ΄ν„° μμ§‘ μ‹μ‘...
2025-08-27 03:01:30,551 - INFO -   β””β”€ 112610 μΌλ³„ λ°μ΄ν„° μμ§‘ μ¤‘...
2025-08-27 03:01:30,570 - INFO -   β””β”€ 006650 μ›”λ³„ λ°μ΄ν„° μ™„λ£ (147κ° ν–‰)
2025-08-27 03:01:30,573 - INFO -   β””β”€ 000880 μ›”λ³„ λ°μ΄ν„° μ™„λ£ (147κ° ν–‰)
2025-08-27 03:01:30,580 - INFO -   β””β”€ 001450 μ›”λ³„ λ°μ΄ν„° μ™„λ£ (147κ° ν–‰)
2025-08-27 03:01:30,582 - INFO -   β””β”€ 011210 μ£Όλ³„ λ°μ΄ν„° μƒμ„± μ™„λ£ (637κ° ν–‰)
2025-08-27 03:01:30,605 - INFO - β… 011210 λ¨λ“  λ°μ΄ν„° μμ§‘ μ™„λ£!
2025-08-27 03:01:30,609 - INFO - π“ 009240 λ°μ΄ν„° μμ§‘ μ‹μ‘...
2025-08-27 03:01:30,610 - INFO -   β””β”€ 004000 μΌλ³„ λ°μ΄ν„° μ™„λ£ (3000κ° ν–‰)
2025-08-27 03:01:30,610 - INFO -   β””β”€ 009240 μΌλ³„ λ°μ΄ν„° μμ§‘ μ¤‘...
2025-08-27 03:01:30,610 - INFO -   β””β”€ 004000 μ›”λ³„ λ°μ΄ν„° μμ§‘ μ¤‘...
2025-08-27 03:01:30,657 - INFO -   β””β”€ 006650 μ£Όλ³„ λ°μ΄ν„° μƒμ„± μ™„λ£ (637κ° ν–‰)
2025-08-27 03:01:30,658 - INFO - β… 006650 λ¨λ“  λ°μ΄ν„° μμ§‘ μ™„λ£!
2025-08-27 03:01:30,659 - INFO -   β””β”€ 282330 μΌλ³„ λ°μ΄ν„° μ™„λ£ (1893κ° ν–‰)
2025-08-27 03:01:30,671 - INFO - π“ 047040 λ°μ΄ν„° μμ§‘ μ‹μ‘...
2025-08-27 03:01:30,675 - INFO -   β””β”€ 282330 μ›”λ³„ λ°μ΄ν„° μμ§‘ μ¤‘...
2025-08-27 03:01:30,682 - INFO -   β””β”€ 112610 μΌλ³„ λ°μ΄ν„° μ™„λ£ (2639κ° ν–‰)
2025-08-27 03:01:30,682 - INFO -   β””β”€ 047040 μΌλ³„ λ°μ΄ν„° μμ§‘ μ¤‘...
2025-08-27 03:01:30,694 - INFO -   β””β”€ 000880 μ£Όλ³„ λ°μ΄ν„° μƒμ„± μ™„λ£ (637κ° ν–‰)
2025-08-27 03:01:30,697 - INFO -   β””β”€ 112610 μ›”λ³„ λ°μ΄ν„° μμ§‘ μ¤‘...
2025-08-27 03:01:30,703 - INFO -   β””β”€ 001450 μ£Όλ³„ λ°μ΄ν„° μƒμ„± μ™„λ£ (637κ° ν–‰)
2025-08-27 03:01:30,703 - INFO - β… 000880 λ¨λ“  λ°μ΄ν„° μμ§‘ μ™„λ£!
2025-08-27 03:01:30,706 - INFO - β… 001450 λ¨λ“  λ°μ΄ν„° μμ§‘ μ™„λ£!
2025-08-27 03:01:30,735 - INFO - π“ 161390 λ°μ΄ν„° μμ§‘ μ‹μ‘...
2025-08-27 03:01:30,736 - INFO - π“ 089860 λ°μ΄ν„° μμ§‘ μ‹μ‘...
2025-08-27 03:01:30,737 - INFO -   β””β”€ 180640 μ›”λ³„ λ°μ΄ν„° μ™„λ£ (144κ° ν–‰)
2025-08-27 03:01:30,738 - INFO -   β””β”€ 161390 μΌλ³„ λ°μ΄ν„° μμ§‘ μ¤‘...
2025-08-27 03:01:30,738 - INFO -   β””β”€ 089860 μΌλ³„ λ°μ΄ν„° μμ§‘ μ¤‘...
2025-08-27 03:01:30,785 - INFO -   β””β”€ 009240 μΌλ³„ λ°μ΄ν„° μ™„λ£ (3000κ° ν–‰)
2025-08-27 03:01:30,809 - INFO -   β””β”€ 009240 μ›”λ³„ λ°μ΄ν„° μμ§‘ μ¤‘...
2025-08-27 03:01:30,899 - INFO -   β””β”€ 047040 μΌλ³„ λ°μ΄ν„° μ™„λ£ (3000κ° ν–‰)
2025-08-27 03:01:30,911 - INFO -   β””β”€ 047040 μ›”λ³„ λ°μ΄ν„° μμ§‘ μ¤‘...
2025-08-27 03:01:30,941 - INFO -   β””β”€ 089860 μΌλ³„ λ°μ΄ν„° μ™„λ£ (984κ° ν–‰)
2025-08-27 03:01:30,942 - INFO -   β””β”€ 004000 μ›”λ³„ λ°μ΄ν„° μ™„λ£ (147κ° ν–‰)
2025-08-27 03:01:30,949 - INFO -   β””β”€ 089860 μ›”λ³„ λ°μ΄ν„° μμ§‘ μ¤‘...
2025-08-27 03:01:30,968 - INFO -   β””β”€ 180640 μ£Όλ³„ λ°μ΄ν„° μƒμ„± μ™„λ£ (623κ° ν–‰)
2025-08-27 03:01:30,972 - INFO -   β””β”€ 161390 μΌλ³„ λ°μ΄ν„° μ™„λ£ (3000κ° ν–‰)
2025-08-27 03:01:30,991 - INFO -   β””β”€ 112610 μ›”λ³„ λ°μ΄ν„° μ™„λ£ (130κ° ν–‰)
2025-08-27 03:01:30,992 - INFO - β… 180640 λ¨λ“  λ°μ΄ν„° μμ§‘ μ™„λ£!
2025-08-27 03:01:30,993 - INFO -   β””β”€ 282330 μ›”λ³„ λ°μ΄ν„° μ™„λ£ (93κ° ν–‰)
2025-08-27 03:01:30,999 - INFO -   β””β”€ 161390 μ›”λ³„ λ°μ΄ν„° μμ§‘ μ¤‘...
2025-08-27 03:01:31,001 - INFO - π“ 008930 λ°μ΄ν„° μμ§‘ μ‹μ‘...
2025-08-27 03:01:31,056 - INFO -   β””β”€ 004000 μ£Όλ³„ λ°μ΄ν„° μƒμ„± μ™„λ£ (637κ° ν–‰)
2025-08-27 03:01:31,057 - INFO -   β””β”€ 008930 μΌλ³„ λ°μ΄ν„° μμ§‘ μ¤‘...
2025-08-27 03:01:31,072 - INFO - β… 004000 λ¨λ“  λ°μ΄ν„° μμ§‘ μ™„λ£!
2025-08-27 03:01:31,076 - INFO - π“ 251270 λ°μ΄ν„° μμ§‘ μ‹μ‘...
2025-08-27 03:01:31,080 - INFO -   β””β”€ 251270 μΌλ³„ λ°μ΄ν„° μμ§‘ μ¤‘...
2025-08-27 03:01:31,082 - INFO -   β””β”€ 282330 μ£Όλ³„ λ°μ΄ν„° μƒμ„± μ™„λ£ (404κ° ν–‰)
2025-08-27 03:01:31,087 - INFO -   β””β”€ 009240 μ›”λ³„ λ°μ΄ν„° μ™„λ£ (147κ° ν–‰)
2025-08-27 03:01:31,088 - INFO - β… 282330 λ¨λ“  λ°μ΄ν„° μμ§‘ μ™„λ£!
2025-08-27 03:01:31,098 - INFO - π“ 032830 λ°μ΄ν„° μμ§‘ μ‹μ‘...
2025-08-27 03:01:31,099 - INFO -   β””β”€ 032830 μΌλ³„ λ°μ΄ν„° μμ§‘ μ¤‘...
2025-08-27 03:01:31,103 - INFO -   β””β”€ 112610 μ£Όλ³„ λ°μ΄ν„° μƒμ„± μ™„λ£ (561κ° ν–‰)
2025-08-27 03:01:31,115 - INFO -   β””β”€ 047040 μ›”λ³„ λ°μ΄ν„° μ™„λ£ (147κ° ν–‰)
2025-08-27 03:01:31,115 - INFO - β… 112610 λ¨λ“  λ°μ΄ν„° μμ§‘ μ™„λ£!
2025-08-27 03:01:31,117 - INFO -   β””β”€ 089860 μ›”λ³„ λ°μ΄ν„° μ™„λ£ (49κ° ν–‰)
2025-08-27 03:01:31,119 - INFO - π“ 028670 λ°μ΄ν„° μμ§‘ μ‹μ‘...
2025-08-27 03:01:31,140 - INFO -   β””β”€ 028670 μΌλ³„ λ°μ΄ν„° μμ§‘ μ¤‘...
2025-08-27 03:01:31,184 - INFO -   β””β”€ 089860 μ£Όλ³„ λ°μ΄ν„° μƒμ„± μ™„λ£ (211κ° ν–‰)
2025-08-27 03:01:31,186 - INFO - β… 089860 λ¨λ“  λ°μ΄ν„° μμ§‘ μ™„λ£!
2025-08-27 03:01:31,188 - INFO - π“ 051900 λ°μ΄ν„° μμ§‘ μ‹μ‘...
2025-08-27 03:01:31,197 - INFO -   β””β”€ 008930 μΌλ³„ λ°μ΄ν„° μ™„λ£ (3000κ° ν–‰)
2025-08-27 03:01:31,202 - INFO -   β””β”€ 051900 μΌλ³„ λ°μ΄ν„° μμ§‘ μ¤‘...
2025-08-27 03:01:31,207 - INFO -   β””β”€ 008930 μ›”λ³„ λ°μ΄ν„° μμ§‘ μ¤‘...
2025-08-27 03:01:31,208 - INFO -   β””β”€ 009240 μ£Όλ³„ λ°μ΄ν„° μƒμ„± μ™„λ£ (637κ° ν–‰)
2025-08-27 03:01:31,227 - INFO -   β””β”€ 251270 μΌλ³„ λ°μ΄ν„° μ™„λ£ (2035κ° ν–‰)
2025-08-27 03:01:31,238 - INFO - β… 009240 λ¨λ“  λ°μ΄ν„° μμ§‘ μ™„λ£!
2025-08-27 03:01:31,240 - INFO -   β””β”€ 251270 μ›”λ³„ λ°μ΄ν„° μμ§‘ μ¤‘...
2025-08-27 03:01:31,241 - INFO - π“ 016360 λ°μ΄ν„° μμ§‘ μ‹μ‘...
2025-08-27 03:01:31,244 - INFO -   β””β”€ 161390 μ›”λ³„ λ°μ΄ν„° μ™„λ£ (147κ° ν–‰)
2025-08-27 03:01:31,244 - INFO -   β””β”€ 016360 μΌλ³„ λ°μ΄ν„° μμ§‘ μ¤‘...
2025-08-27 03:01:31,245 - INFO -   β””β”€ 047040 μ£Όλ³„ λ°μ΄ν„° μƒμ„± μ™„λ£ (637κ° ν–‰)
2025-08-27 03:01:31,264 - INFO - β… 047040 λ¨λ“  λ°μ΄ν„° μμ§‘ μ™„λ£!
2025-08-27 03:01:31,265 - INFO -   β””β”€ 032830 μΌλ³„ λ°μ΄ν„° μ™„λ£ (3000κ° ν–‰)
2025-08-27 03:01:31,307 - INFO - π“ 071050 λ°μ΄ν„° μμ§‘ μ‹μ‘...
2025-08-27 03:01:31,326 - INFO -   β””β”€ 032830 μ›”λ³„ λ°μ΄ν„° μμ§‘ μ¤‘...
2025-08-27 03:01:31,342 - INFO -   β””β”€ 071050 μΌλ³„ λ°μ΄ν„° μμ§‘ μ¤‘...
2025-08-27 03:01:31,346 - INFO -   β””β”€ 028670 μΌλ³„ λ°μ΄ν„° μ™„λ£ (3000κ° ν–‰)
2025-08-27 03:01:31,373 - INFO -   β””β”€ 051900 μΌλ³„ λ°μ΄ν„° μ™„λ£ (3000κ° ν–‰)
2025-08-27 03:01:31,375 - INFO -   β””β”€ 028670 μ›”λ³„ λ°μ΄ν„° μμ§‘ μ¤‘...
2025-08-27 03:01:31,378 - INFO -   β””β”€ 051900 μ›”λ³„ λ°μ΄ν„° μμ§‘ μ¤‘...
2025-08-27 03:01:31,389 - INFO -   β””β”€ 161390 μ£Όλ³„ λ°μ΄ν„° μƒμ„± μ™„λ£ (637κ° ν–‰)
2025-08-27 03:01:31,392 - INFO - β… 161390 λ¨λ“  λ°μ΄ν„° μμ§‘ μ™„λ£!
2025-08-27 03:01:31,393 - INFO - π“ 047810 λ°μ΄ν„° μμ§‘ μ‹μ‘...
2025-08-27 03:01:31,394 - INFO -   β””β”€ 008930 μ›”λ³„ λ°μ΄ν„° μ™„λ£ (147κ° ν–‰)
2025-08-27 03:01:31,394 - INFO -   β””β”€ 047810 μΌλ³„ λ°μ΄ν„° μμ§‘ μ¤‘...
2025-08-27 03:01:31,399 - INFO -   β””β”€ 251270 μ›”λ³„ λ°μ΄ν„° μ™„λ£ (100κ° ν–‰)
2025-08-27 03:01:31,525 - INFO -   β””β”€ 008930 μ£Όλ³„ λ°μ΄ν„° μƒμ„± μ™„λ£ (637κ° ν–‰)
2025-08-27 03:01:31,550 - INFO - β… 008930 λ¨λ“  λ°μ΄ν„° μμ§‘ μ™„λ£!
2025-08-27 03:01:31,584 - INFO - π“ 035720 λ°μ΄ν„° μμ§‘ μ‹μ‘...
2025-08-27 03:01:31,587 - INFO -   β””β”€ 016360 μΌλ³„ λ°μ΄ν„° μ™„λ£ (3000κ° ν–‰)
2025-08-27 03:01:31,588 - INFO -   β””β”€ 035720 μΌλ³„ λ°μ΄ν„° μμ§‘ μ¤‘...
2025-08-27 03:01:31,591 - INFO -   β””β”€ 016360 μ›”λ³„ λ°μ΄ν„° μμ§‘ μ¤‘...
2025-08-27 03:01:31,611 - INFO -   β””β”€ 251270 μ£Όλ³„ λ°μ΄ν„° μƒμ„± μ™„λ£ (433κ° ν–‰)
2025-08-27 03:01:31,740 - INFO - β… 251270 λ¨λ“  λ°μ΄ν„° μμ§‘ μ™„λ£!
2025-08-27 03:01:31,754 - INFO -   β””β”€ 071050 μΌλ³„ λ°μ΄ν„° μ™„λ£ (3000κ° ν–‰)
2025-08-27 03:01:31,758 - INFO - π“ 086790 λ°μ΄ν„° μμ§‘ μ‹μ‘...
2025-08-27 03:01:31,764 - INFO -   β””β”€ 071050 μ›”λ³„ λ°μ΄ν„° μμ§‘ μ¤‘...
2025-08-27 03:01:31,766 - INFO -   β””β”€ 086790 μΌλ³„ λ°μ΄ν„° μμ§‘ μ¤‘...
2025-08-27 03:01:31,767 - INFO -   β””β”€ 047810 μΌλ³„ λ°μ΄ν„° μ™„λ£ (3000κ° ν–‰)
2025-08-27 03:01:31,777 - INFO -   β””β”€ 047810 μ›”λ³„ λ°μ΄ν„° μμ§‘ μ¤‘...
2025-08-27 03:01:31,818 - INFO - π“¤ λ¨λ“  μ‘μ—… μ μ¶ μ™„λ£, κ²°κ³Ό μ²λ¦¬ μ‹μ‘...
2025-08-27 03:01:31,867 - INFO -   β””β”€ 028670 μ›”λ³„ λ°μ΄ν„° μ™„λ£ (147κ° ν–‰)
2025-08-27 03:01:31,940 - INFO -   β””β”€ 032830 μ›”λ³„ λ°μ΄ν„° μ™„λ£ (147κ° ν–‰)
2025-08-27 03:01:31,944 - INFO -   β””β”€ 035720 μΌλ³„ λ°μ΄ν„° μ™„λ£ (3000κ° ν–‰)
2025-08-27 03:01:31,945 - INFO -   β””β”€ 035720 μ›”λ³„ λ°μ΄ν„° μμ§‘ μ¤‘...
2025-08-27 03:01:31,969 - INFO -   β””β”€ 051900 μ›”λ³„ λ°μ΄ν„° μ™„λ£ (147κ° ν–‰)
2025-08-27 03:01:31,991 - INFO -   β””β”€ 086790 μΌλ³„ λ°μ΄ν„° μ™„λ£ (3000κ° ν–‰)
2025-08-27 03:01:32,002 - INFO -   β””β”€ 086790 μ›”λ³„ λ°μ΄ν„° μμ§‘ μ¤‘...
2025-08-27 03:01:32,025 - INFO -   β””β”€ 071050 μ›”λ³„ λ°μ΄ν„° μ™„λ£ (147κ° ν–‰)
2025-08-27 03:01:32,026 - INFO -   β””β”€ 016360 μ›”λ³„ λ°μ΄ν„° μ™„λ£ (147κ° ν–‰)
2025-08-27 03:01:32,033 - INFO -   β””β”€ 047810 μ›”λ³„ λ°μ΄ν„° μ™„λ£ (147κ° ν–‰)
2025-08-27 03:01:32,068 - INFO -   β””β”€ 028670 μ£Όλ³„ λ°μ΄ν„° μƒμ„± μ™„λ£ (637κ° ν–‰)
2025-08-27 03:01:32,089 - INFO - β… 028670 λ¨λ“  λ°μ΄ν„° μμ§‘ μ™„λ£!
2025-08-27 03:01:32,124 - INFO - π“ 005940 λ°μ΄ν„° μμ§‘ μ‹μ‘...
2025-08-27 03:01:32,134 - INFO -   β””β”€ 005940 μΌλ³„ λ°μ΄ν„° μμ§‘ μ¤‘...
2025-08-27 03:01:32,135 - INFO -   β””β”€ 032830 μ£Όλ³„ λ°μ΄ν„° μƒμ„± μ™„λ£ (637κ° ν–‰)
2025-08-27 03:01:32,167 - INFO -   β””β”€ 035720 μ›”λ³„ λ°μ΄ν„° μ™„λ£ (147κ° ν–‰)
2025-08-27 03:01:32,181 - INFO -   β””β”€ 051900 μ£Όλ³„ λ°μ΄ν„° μƒμ„± μ™„λ£ (637κ° ν–‰)
2025-08-27 03:01:32,182 - INFO - β… 032830 λ¨λ“  λ°μ΄ν„° μμ§‘ μ™„λ£!
2025-08-27 03:01:32,212 - INFO - β… 051900 λ¨λ“  λ°μ΄ν„° μμ§‘ μ™„λ£!
2025-08-27 03:01:32,218 - INFO - π“ 078930 λ°μ΄ν„° μμ§‘ μ‹μ‘...
2025-08-27 03:01:32,221 - INFO - π“ 097950 λ°μ΄ν„° μμ§‘ μ‹μ‘...
2025-08-27 03:01:32,221 - INFO -   β””β”€ 047810 μ£Όλ³„ λ°μ΄ν„° μƒμ„± μ™„λ£ (637κ° ν–‰)
2025-08-27 03:01:32,221 - INFO -   β””β”€ 078930 μΌλ³„ λ°μ΄ν„° μμ§‘ μ¤‘...
2025-08-27 03:01:32,229 - INFO -   β””β”€ 097950 μΌλ³„ λ°μ΄ν„° μμ§‘ μ¤‘...
2025-08-27 03:01:32,230 - INFO -   β””β”€ 071050 μ£Όλ³„ λ°μ΄ν„° μƒμ„± μ™„λ£ (637κ° ν–‰)
2025-08-27 03:01:32,234 - INFO - π’Ύ 055550 νμΌ μ €μ¥ μ™„λ£
2025-08-27 03:01:32,234 - INFO -   β””β”€ 016360 μ£Όλ³„ λ°μ΄ν„° μƒμ„± μ™„λ£ (637κ° ν–‰)
2025-08-27 03:01:32,234 - INFO - β… 047810 λ¨λ“  λ°μ΄ν„° μμ§‘ μ™„λ£!
2025-08-27 03:01:32,237 - INFO -   β””β”€ 086790 μ›”λ³„ λ°μ΄ν„° μ™„λ£ (147κ° ν–‰)
2025-08-27 03:01:32,240 - INFO - β… 071050 λ¨λ“  λ°μ΄ν„° μμ§‘ μ™„λ£!
2025-08-27 03:01:32,254 - INFO - π― 055550 μ™„λ£ (1/97)
2025-08-27 03:01:32,256 - INFO - β… 016360 λ¨λ“  λ°μ΄ν„° μμ§‘ μ™„λ£!
2025-08-27 03:01:32,256 - INFO - π“ 036460 λ°μ΄ν„° μμ§‘ μ‹μ‘...
2025-08-27 03:01:32,279 - INFO -   β””β”€ 035720 μ£Όλ³„ λ°μ΄ν„° μƒμ„± μ™„λ£ (637κ° ν–‰)
2025-08-27 03:01:32,280 - INFO - π“ 005830 λ°μ΄ν„° μμ§‘ μ‹μ‘...
2025-08-27 03:01:32,283 - INFO -   β””β”€ 005940 μΌλ³„ λ°μ΄ν„° μ™„λ£ (3000κ° ν–‰)
2025-08-27 03:01:32,284 - INFO - π“ 034730 λ°μ΄ν„° μμ§‘ μ‹μ‘...
2025-08-27 03:01:32,301 - INFO -   β””β”€ 036460 μΌλ³„ λ°μ΄ν„° μμ§‘ μ¤‘...
2025-08-27 03:01:32,307 - INFO - β… 035720 λ¨λ“  λ°μ΄ν„° μμ§‘ μ™„λ£!
2025-08-27 03:01:32,314 - INFO -   β””β”€ 005830 μΌλ³„ λ°μ΄ν„° μμ§‘ μ¤‘...
2025-08-27 03:01:32,316 - INFO -   β””β”€ 005940 μ›”λ³„ λ°μ΄ν„° μμ§‘ μ¤‘...
2025-08-27 03:01:32,317 - INFO -   β””β”€ 034730 μΌλ³„ λ°μ΄ν„° μμ§‘ μ¤‘...
2025-08-27 03:01:32,322 - INFO - π“ 128940 λ°μ΄ν„° μμ§‘ μ‹μ‘...
2025-08-27 03:01:32,341 - INFO -   β””β”€ 078930 μΌλ³„ λ°μ΄ν„° μ™„λ£ (3000κ° ν–‰)
2025-08-27 03:01:32,347 - INFO -   β””β”€ 086790 μ£Όλ³„ λ°μ΄ν„° μƒμ„± μ™„λ£ (637κ° ν–‰)
2025-08-27 03:01:32,388 - INFO -   β””β”€ 128940 μΌλ³„ λ°μ΄ν„° μμ§‘ μ¤‘...
2025-08-27 03:01:32,391 - INFO -   β””β”€ 078930 μ›”λ³„ λ°μ΄ν„° μμ§‘ μ¤‘...
2025-08-27 03:01:32,392 - INFO - β… 086790 λ¨λ“  λ°μ΄ν„° μμ§‘ μ™„λ£!
2025-08-27 03:01:32,393 - INFO -   β””β”€ 097950 μΌλ³„ λ°μ΄ν„° μ™„λ£ (3000κ° ν–‰)
2025-08-27 03:01:32,406 - INFO - π“ 035420 λ°μ΄ν„° μμ§‘ μ‹μ‘...
2025-08-27 03:01:32,407 - INFO -   β””β”€ 097950 μ›”λ³„ λ°μ΄ν„° μμ§‘ μ¤‘...
2025-08-27 03:01:32,407 - INFO -   β””β”€ 035420 μΌλ³„ λ°μ΄ν„° μμ§‘ μ¤‘...
2025-08-27 03:01:32,415 - INFO - π’Ύ 005930 νμΌ μ €μ¥ μ™„λ£
2025-08-27 03:01:32,416 - INFO - π― 005930 μ™„λ£ (2/97)
2025-08-27 03:01:32,560 - INFO -   β””β”€ 036460 μΌλ³„ λ°μ΄ν„° μ™„λ£ (3000κ° ν–‰)
2025-08-27 03:01:32,568 - INFO -   β””β”€ 036460 μ›”λ³„ λ°μ΄ν„° μμ§‘ μ¤‘...
2025-08-27 03:01:32,573 - INFO -   β””β”€ 128940 μΌλ³„ λ°μ΄ν„° μ™„λ£ (3000κ° ν–‰)
2025-08-27 03:01:32,576 - INFO -   β””β”€ 128940 μ›”λ³„ λ°μ΄ν„° μμ§‘ μ¤‘...
2025-08-27 03:01:32,610 - INFO -   β””β”€ 005830 μΌλ³„ λ°μ΄ν„° μ™„λ£ (3000κ° ν–‰)
2025-08-27 03:01:32,636 - INFO -   β””β”€ 034730 μΌλ³„ λ°μ΄ν„° μ™„λ£ (3000κ° ν–‰)
2025-08-27 03:01:32,639 - INFO -   β””β”€ 005830 μ›”λ³„ λ°μ΄ν„° μμ§‘ μ¤‘...
2025-08-27 03:01:32,640 - INFO -   β””β”€ 035420 μΌλ³„ λ°μ΄ν„° μ™„λ£ (3000κ° ν–‰)
2025-08-27 03:01:32,641 - INFO - π’Ύ 010130 νμΌ μ €μ¥ μ™„λ£
2025-08-27 03:01:32,641 - INFO -   β””β”€ 034730 μ›”λ³„ λ°μ΄ν„° μμ§‘ μ¤‘...
2025-08-27 03:01:32,648 - INFO -   β””β”€ 035420 μ›”λ³„ λ°μ΄ν„° μμ§‘ μ¤‘...
2025-08-27 03:01:32,651 - INFO - π― 010130 μ™„λ£ (3/97)
2025-08-27 03:01:32,658 - INFO -   β””β”€ 005940 μ›”λ³„ λ°μ΄ν„° μ™„λ£ (147κ° ν–‰)
2025-08-27 03:01:32,695 - INFO -   β””β”€ 078930 μ›”λ³„ λ°μ΄ν„° μ™„λ£ (147κ° ν–‰)
2025-08-27 03:01:32,696 - INFO -   β””β”€ 097950 μ›”λ³„ λ°μ΄ν„° μ™„λ£ (147κ° ν–‰)
2025-08-27 03:01:32,862 - INFO -   β””β”€ 128940 μ›”λ³„ λ°μ΄ν„° μ™„λ£ (147κ° ν–‰)
2025-08-27 03:01:32,882 - INFO -   β””β”€ 097950 μ£Όλ³„ λ°μ΄ν„° μƒμ„± μ™„λ£ (637κ° ν–‰)
2025-08-27 03:01:32,886 - INFO - β… 097950 λ¨λ“  λ°μ΄ν„° μμ§‘ μ™„λ£!
2025-08-27 03:01:32,902 - INFO -   β””β”€ 005940 μ£Όλ³„ λ°μ΄ν„° μƒμ„± μ™„λ£ (637κ° ν–‰)
2025-08-27 03:01:32,902 - INFO -   β””β”€ 078930 μ£Όλ³„ λ°μ΄ν„° μƒμ„± μ™„λ£ (637κ° ν–‰)
2025-08-27 03:01:32,903 - INFO -   β””β”€ 035420 μ›”λ³„ λ°μ΄ν„° μ™„λ£ (147κ° ν–‰)
2025-08-27 03:01:32,903 - INFO - π“ 011780 λ°μ΄ν„° μμ§‘ μ‹μ‘...
2025-08-27 03:01:32,905 - INFO -   β””β”€ 036460 μ›”λ³„ λ°μ΄ν„° μ™„λ£ (147κ° ν–‰)
2025-08-27 03:01:32,905 - INFO - β… 005940 λ¨λ“  λ°μ΄ν„° μμ§‘ μ™„λ£!
2025-08-27 03:01:32,908 - INFO - β… 078930 λ¨λ“  λ°μ΄ν„° μμ§‘ μ™„λ£!
2025-08-27 03:01:32,908 - INFO - π’Ύ 008930 νμΌ μ €μ¥ μ™„λ£
2025-08-27 03:01:32,909 - INFO -   β””β”€ 011780 μΌλ³„ λ°μ΄ν„° μμ§‘ μ¤‘...
2025-08-27 03:01:32,912 - INFO -   β””β”€ 034730 μ›”λ³„ λ°μ΄ν„° μ™„λ£ (147κ° ν–‰)
2025-08-27 03:01:32,912 - INFO - π“ 069500 λ°μ΄ν„° μμ§‘ μ‹μ‘...
2025-08-27 03:01:32,920 - INFO -   β””β”€ 005830 μ›”λ³„ λ°μ΄ν„° μ™„λ£ (147κ° ν–‰)
2025-08-27 03:01:32,920 - INFO - π“ 005380 λ°μ΄ν„° μμ§‘ μ‹μ‘...
2025-08-27 03:01:32,935 - INFO -   β””β”€ 128940 μ£Όλ³„ λ°μ΄ν„° μƒμ„± μ™„λ£ (637κ° ν–‰)
2025-08-27 03:01:32,936 - INFO - π― 008930 μ™„λ£ (4/97)
2025-08-27 03:01:32,951 - INFO -   β””β”€ 069500 μΌλ³„ λ°μ΄ν„° μμ§‘ μ¤‘...
2025-08-27 03:01:32,955 - INFO -   β””β”€ 005380 μΌλ³„ λ°μ΄ν„° μμ§‘ μ¤‘...
2025-08-27 03:01:32,974 - INFO - β… 128940 λ¨λ“  λ°μ΄ν„° μμ§‘ μ™„λ£!
2025-08-27 03:01:32,976 - INFO -   β””β”€ 035420 μ£Όλ³„ λ°μ΄ν„° μƒμ„± μ™„λ£ (637κ° ν–‰)
2025-08-27 03:01:33,010 - INFO -   β””β”€ 036460 μ£Όλ³„ λ°μ΄ν„° μƒμ„± μ™„λ£ (637κ° ν–‰)
2025-08-27 03:01:33,018 - INFO - π“ 005490 λ°μ΄ν„° μμ§‘ μ‹μ‘...
2025-08-27 03:01:33,030 - INFO - β… 035420 λ¨λ“  λ°μ΄ν„° μμ§‘ μ™„λ£!
2025-08-27 03:01:33,031 - INFO - β… 036460 λ¨λ“  λ°μ΄ν„° μμ§‘ μ™„λ£!
2025-08-27 03:01:33,034 - INFO -   β””β”€ 005490 μΌλ³„ λ°μ΄ν„° μμ§‘ μ¤‘...
2025-08-27 03:01:33,036 - INFO - π“ 015760 λ°μ΄ν„° μμ§‘ μ‹μ‘...
2025-08-27 03:01:33,037 - INFO - π“ 204320 λ°μ΄ν„° μμ§‘ μ‹μ‘...
2025-08-27 03:01:33,055 - INFO -   β””β”€ 015760 μΌλ³„ λ°μ΄ν„° μμ§‘ μ¤‘...
2025-08-27 03:01:33,067 - INFO -   β””β”€ 204320 μΌλ³„ λ°μ΄ν„° μμ§‘ μ¤‘...
2025-08-27 03:01:33,068 - INFO -   β””β”€ 034730 μ£Όλ³„ λ°μ΄ν„° μƒμ„± μ™„λ£ (637κ° ν–‰)
2025-08-27 03:01:33,075 - INFO -   β””β”€ 005830 μ£Όλ³„ λ°μ΄ν„° μƒμ„± μ™„λ£ (637κ° ν–‰)
2025-08-27 03:01:33,083 - INFO - β… 034730 λ¨λ“  λ°μ΄ν„° μμ§‘ μ™„λ£!
2025-08-27 03:01:33,151 - INFO - β… 005830 λ¨λ“  λ°μ΄ν„° μμ§‘ μ™„λ£!
2025-08-27 03:01:33,158 - INFO - π“ 000150 λ°μ΄ν„° μμ§‘ μ‹μ‘...
2025-08-27 03:01:33,161 - INFO -   β””β”€ 011780 μΌλ³„ λ°μ΄ν„° μ™„λ£ (3000κ° ν–‰)
2025-08-27 03:01:33,163 - INFO - π“ 010120 λ°μ΄ν„° μμ§‘ μ‹μ‘...
2025-08-27 03:01:33,175 - INFO -   β””β”€ 010120 μΌλ³„ λ°μ΄ν„° μμ§‘ μ¤‘...
2025-08-27 03:01:33,185 - INFO -   β””β”€ 011780 μ›”λ³„ λ°μ΄ν„° μμ§‘ μ¤‘...
2025-08-27 03:01:33,187 - INFO -   β””β”€ 000150 μΌλ³„ λ°μ΄ν„° μμ§‘ μ¤‘...
2025-08-27 03:01:33,220 - INFO -   β””β”€ 069500 μΌλ³„ λ°μ΄ν„° μ™„λ£ (3000κ° ν–‰)
2025-08-27 03:01:33,229 - INFO -   β””β”€ 005490 μΌλ³„ λ°μ΄ν„° μ™„λ£ (3000κ° ν–‰)
2025-08-27 03:01:33,230 - INFO - π’Ύ 088350 νμΌ μ €μ¥ μ™„λ£
2025-08-27 03:01:33,230 - INFO -   β””β”€ 069500 μ›”λ³„ λ°μ΄ν„° μμ§‘ μ¤‘...
2025-08-27 03:01:33,230 - INFO -   β””β”€ 005490 μ›”λ³„ λ°μ΄ν„° μμ§‘ μ¤‘...
2025-08-27 03:01:33,234 - INFO - π― 088350 μ™„λ£ (5/97)
2025-08-27 03:01:33,255 - INFO -   β””β”€ 005380 μΌλ³„ λ°μ΄ν„° μ™„λ£ (3000κ° ν–‰)
2025-08-27 03:01:33,255 - INFO -   β””β”€ 005380 μ›”λ³„ λ°μ΄ν„° μμ§‘ μ¤‘...
2025-08-27 03:01:33,262 - INFO -   β””β”€ 204320 μΌλ³„ λ°μ΄ν„° μ™„λ£ (2676κ° ν–‰)
2025-08-27 03:01:33,266 - INFO -   β””β”€ 204320 μ›”λ³„ λ°μ΄ν„° μμ§‘ μ¤‘...
2025-08-27 03:01:33,310 - INFO -   β””β”€ 015760 μΌλ³„ λ°μ΄ν„° μ™„λ£ (3000κ° ν–‰)
2025-08-27 03:01:33,323 - INFO -   β””β”€ 015760 μ›”λ³„ λ°μ΄ν„° μμ§‘ μ¤‘...
2025-08-27 03:01:33,431 - INFO -   β””β”€ 000150 μΌλ³„ λ°μ΄ν„° μ™„λ£ (3000κ° ν–‰)
2025-08-27 03:01:33,437 - INFO -   β””β”€ 000150 μ›”λ³„ λ°μ΄ν„° μμ§‘ μ¤‘...
2025-08-27 03:01:33,475 - INFO -   β””β”€ 010120 μΌλ³„ λ°μ΄ν„° μ™„λ£ (3000κ° ν–‰)
2025-08-27 03:01:33,478 - INFO -   β””β”€ 010120 μ›”λ³„ λ°μ΄ν„° μμ§‘ μ¤‘...
2025-08-27 03:01:33,519 - INFO - π’Ύ 180640 νμΌ μ €μ¥ μ™„λ£
2025-08-27 03:01:33,520 - INFO -   β””β”€ 005490 μ›”λ³„ λ°μ΄ν„° μ™„λ£ (147κ° ν–‰)
2025-08-27 03:01:33,521 - INFO -   β””β”€ 011780 μ›”λ³„ λ°μ΄ν„° μ™„λ£ (147κ° ν–‰)
2025-08-27 03:01:33,521 - INFO - π― 180640 μ™„λ£ (6/97)
2025-08-27 03:01:33,526 - INFO -   β””β”€ 069500 μ›”λ³„ λ°μ΄ν„° μ™„λ£ (147κ° ν–‰)
2025-08-27 03:01:33,528 - INFO -   β””β”€ 015760 μ›”λ³„ λ°μ΄ν„° μ™„λ£ (147κ° ν–‰)
2025-08-27 03:01:33,534 - INFO -   β””β”€ 005380 μ›”λ³„ λ°μ΄ν„° μ™„λ£ (147κ° ν–‰)
2025-08-27 03:01:33,565 - INFO -   β””β”€ 204320 μ›”λ³„ λ°μ΄ν„° μ™„λ£ (131κ° ν–‰)
2025-08-27 03:01:33,648 - INFO -   β””β”€ 005490 μ£Όλ³„ λ°μ΄ν„° μƒμ„± μ™„λ£ (637κ° ν–‰)
2025-08-27 03:01:33,670 - INFO - β… 005490 λ¨λ“  λ°μ΄ν„° μμ§‘ μ™„λ£!
2025-08-27 03:01:33,672 - INFO - π“ 010620 λ°μ΄ν„° μμ§‘ μ‹μ‘...
2025-08-27 03:01:33,677 - INFO -   β””β”€ 011780 μ£Όλ³„ λ°μ΄ν„° μƒμ„± μ™„λ£ (637κ° ν–‰)
2025-08-27 03:01:33,680 - INFO -   β””β”€ 010620 μΌλ³„ λ°μ΄ν„° μμ§‘ μ¤‘...
2025-08-27 03:01:33,683 - INFO -   β””β”€ 015760 μ£Όλ³„ λ°μ΄ν„° μƒμ„± μ™„λ£ (637κ° ν–‰)
2025-08-27 03:01:33,684 - INFO - β… 011780 λ¨λ“  λ°μ΄ν„° μμ§‘ μ™„λ£!
2025-08-27 03:01:33,697 - INFO - β… 015760 λ¨λ“  λ°μ΄ν„° μμ§‘ μ™„λ£!
2025-08-27 03:01:33,717 - INFO - π“ 009540 λ°μ΄ν„° μμ§‘ μ‹μ‘...
2025-08-27 03:01:33,719 - INFO - π“ 000810 λ°μ΄ν„° μμ§‘ μ‹μ‘...
2025-08-27 03:01:33,720 - INFO -   β””β”€ 009540 μΌλ³„ λ°μ΄ν„° μμ§‘ μ¤‘...
2025-08-27 03:01:33,721 - INFO -   β””β”€ 000810 μΌλ³„ λ°μ΄ν„° μμ§‘ μ¤‘...
2025-08-27 03:01:33,740 - INFO -   β””β”€ 005380 μ£Όλ³„ λ°μ΄ν„° μƒμ„± μ™„λ£ (637κ° ν–‰)
2025-08-27 03:01:33,741 - INFO -   β””β”€ 069500 μ£Όλ³„ λ°μ΄ν„° μƒμ„± μ™„λ£ (637κ° ν–‰)
2025-08-27 03:01:33,743 - INFO - β… 005380 λ¨λ“  λ°μ΄ν„° μμ§‘ μ™„λ£!
2025-08-27 03:01:33,745 - INFO - β… 069500 λ¨λ“  λ°μ΄ν„° μμ§‘ μ™„λ£!
2025-08-27 03:01:33,745 - INFO - π’Ύ 086280 νμΌ μ €μ¥ μ™„λ£
2025-08-27 03:01:33,746 - INFO -   β””β”€ 204320 μ£Όλ³„ λ°μ΄ν„° μƒμ„± μ™„λ£ (568κ° ν–‰)
2025-08-27 03:01:33,746 - INFO - π“ 326030 λ°μ΄ν„° μμ§‘ μ‹μ‘...
2025-08-27 03:01:33,747 - INFO -   β””β”€ 010120 μ›”λ³„ λ°μ΄ν„° μ™„λ£ (147κ° ν–‰)
2025-08-27 03:01:33,749 - INFO -   β””β”€ 000150 μ›”λ³„ λ°μ΄ν„° μ™„λ£ (147κ° ν–‰)
2025-08-27 03:01:33,750 - INFO - π― 086280 μ™„λ£ (7/97)
2025-08-27 03:01:33,750 - INFO - β… 204320 λ¨λ“  λ°μ΄ν„° μμ§‘ μ™„λ£!
2025-08-27 03:01:33,751 - INFO -   β””β”€ 326030 μΌλ³„ λ°μ΄ν„° μμ§‘ μ¤‘...
2025-08-27 03:01:33,885 - INFO -   β””β”€ 000810 μΌλ³„ λ°μ΄ν„° μ™„λ£ (3000κ° ν–‰)
2025-08-27 03:01:33,888 - INFO -   β””β”€ 000150 μ£Όλ³„ λ°μ΄ν„° μƒμ„± μ™„λ£ (637κ° ν–‰)
2025-08-27 03:01:33,894 - INFO -   β””β”€ 010620 μΌλ³„ λ°μ΄ν„° μ™„λ£ (3000κ° ν–‰)
2025-08-27 03:01:33,894 - INFO -   β””β”€ 000810 μ›”λ³„ λ°μ΄ν„° μμ§‘ μ¤‘...
2025-08-27 03:01:33,902 - INFO -   β””β”€ 326030 μΌλ³„ λ°μ΄ν„° μ™„λ£ (1265κ° ν–‰)
2025-08-27 03:01:33,904 - INFO -   β””β”€ 010120 μ£Όλ³„ λ°μ΄ν„° μƒμ„± μ™„λ£ (637κ° ν–‰)
2025-08-27 03:01:33,904 - INFO - β… 000150 λ¨λ“  λ°μ΄ν„° μμ§‘ μ™„λ£!
2025-08-27 03:01:33,905 - INFO -   β””β”€ 010620 μ›”λ³„ λ°μ΄ν„° μμ§‘ μ¤‘...
2025-08-27 03:01:33,905 - INFO -   β””β”€ 009540 μΌλ³„ λ°μ΄ν„° μ™„λ£ (3000κ° ν–‰)
2025-08-27 03:01:33,907 - INFO -   β””β”€ 326030 μ›”λ³„ λ°μ΄ν„° μμ§‘ μ¤‘...
2025-08-27 03:01:33,908 - INFO - β… 010120 λ¨λ“  λ°μ΄ν„° μμ§‘ μ™„λ£!
2025-08-27 03:01:33,913 - INFO -   β””β”€ 009540 μ›”λ³„ λ°μ΄ν„° μμ§‘ μ¤‘...
2025-08-27 03:01:33,921 - INFO - π’Ύ 024110 νμΌ μ €μ¥ μ™„λ£
2025-08-27 03:01:33,925 - INFO - π― 024110 μ™„λ£ (8/97)
2025-08-27 03:01:33,959 - INFO - π’Ύ 066570 νμΌ μ €μ¥ μ™„λ£
2025-08-27 03:01:33,959 - INFO - π― 066570 μ™„λ£ (9/97)
2025-08-27 03:01:34,058 - INFO -   β””β”€ 000810 μ›”λ³„ λ°μ΄ν„° μ™„λ£ (147κ° ν–‰)
2025-08-27 03:01:34,065 - INFO -   β””β”€ 326030 μ›”λ³„ λ°μ΄ν„° μ™„λ£ (62κ° ν–‰)
2025-08-27 03:01:34,108 - INFO -   β””β”€ 010620 μ›”λ³„ λ°μ΄ν„° μ™„λ£ (147κ° ν–‰)
2025-08-27 03:01:34,111 - INFO -   β””β”€ 326030 μ£Όλ³„ λ°μ΄ν„° μƒμ„± μ™„λ£ (270κ° ν–‰)
2025-08-27 03:01:34,113 - INFO - β… 326030 λ¨λ“  λ°μ΄ν„° μμ§‘ μ™„λ£!
2025-08-27 03:01:34,116 - INFO -   β””β”€ 009540 μ›”λ³„ λ°μ΄ν„° μ™„λ£ (147κ° ν–‰)
2025-08-27 03:01:34,118 - INFO - π’Ύ 002380 νμΌ μ €μ¥ μ™„λ£
2025-08-27 03:01:34,120 - INFO - π― 002380 μ™„λ£ (10/97)
2025-08-27 03:01:34,136 - INFO -   β””β”€ 000810 μ£Όλ³„ λ°μ΄ν„° μƒμ„± μ™„λ£ (637κ° ν–‰)
2025-08-27 03:01:34,149 - INFO - β… 000810 λ¨λ“  λ°μ΄ν„° μμ§‘ μ™„λ£!
2025-08-27 03:01:34,172 - INFO -   β””β”€ 010620 μ£Όλ³„ λ°μ΄ν„° μƒμ„± μ™„λ£ (637κ° ν–‰)
2025-08-27 03:01:34,174 - INFO - β… 010620 λ¨λ“  λ°μ΄ν„° μμ§‘ μ™„λ£!
2025-08-27 03:01:34,176 - INFO -   β””β”€ 009540 μ£Όλ³„ λ°μ΄ν„° μƒμ„± μ™„λ£ (637κ° ν–‰)
2025-08-27 03:01:34,177 - INFO - β… 009540 λ¨λ“  λ°μ΄ν„° μμ§‘ μ™„λ£!
2025-08-27 03:01:34,189 - INFO - π’Ύ 009240 νμΌ μ €μ¥ μ™„λ£
2025-08-27 03:01:34,189 - INFO - π― 009240 μ™„λ£ (11/97)
2025-08-27 03:01:34,225 - INFO - π’Ύ 004020 νμΌ μ €μ¥ μ™„λ£
2025-08-27 03:01:34,226 - INFO - π― 004020 μ™„λ£ (12/97)
2025-08-27 03:01:34,266 - INFO - π’Ύ 023530 νμΌ μ €μ¥ μ™„λ£
2025-08-27 03:01:34,266 - INFO - π― 023530 μ™„λ£ (13/97)
2025-08-27 03:01:34,306 - INFO - π’Ύ 009830 νμΌ μ €μ¥ μ™„λ£
2025-08-27 03:01:34,306 - INFO - π― 009830 μ™„λ£ (14/97)
2025-08-27 03:01:34,348 - INFO - π’Ύ 161390 νμΌ μ €μ¥ μ™„λ£
2025-08-27 03:01:34,349 - INFO - π― 161390 μ™„λ£ (15/97)
2025-08-27 03:01:34,383 - INFO - π’Ύ 036570 νμΌ μ €μ¥ μ™„λ£
2025-08-27 03:01:34,384 - INFO - π― 036570 μ™„λ£ (16/97)
2025-08-27 03:01:34,413 - INFO - π’Ύ 003490 νμΌ μ €μ¥ μ™„λ£
2025-08-27 03:01:34,413 - INFO - π― 003490 μ™„λ£ (17/97)
2025-08-27 03:01:34,447 - INFO - π’Ύ 001450 νμΌ μ €μ¥ μ™„λ£
2025-08-27 03:01:34,447 - INFO - π― 001450 μ™„λ£ (18/97)
2025-08-27 03:01:34,474 - INFO - π’Ύ 029780 νμΌ μ €μ¥ μ™„λ£
2025-08-27 03:01:34,474 - INFO - π― 029780 μ™„λ£ (19/97)
2025-08-27 03:01:34,483 - INFO - π’Ύ 373220 νμΌ μ €μ¥ μ™„λ£
2025-08-27 03:01:34,484 - INFO - π― 373220 μ™„λ£ (20/97)
2025-08-27 03:01:34,509 - INFO - π’Ύ 004000 νμΌ μ €μ¥ μ™„λ£
2025-08-27 03:01:34,509 - INFO - π― 004000 μ™„λ£ (21/97)
2025-08-27 03:01:34,540 - INFO - π’Ύ 011210 νμΌ μ €μ¥ μ™„λ£
2025-08-27 03:01:34,543 - INFO - π― 011210 μ™„λ£ (22/97)
2025-08-27 03:01:34,586 - INFO - π’Ύ 064350 νμΌ μ €μ¥ μ™„λ£
2025-08-27 03:01:34,586 - INFO - π― 064350 μ™„λ£ (23/97)
2025-08-27 03:01:34,638 - INFO - π’Ύ 139480 νμΌ μ €μ¥ μ™„λ£
2025-08-27 03:01:34,638 - INFO - π― 139480 μ™„λ£ (24/97)
2025-08-27 03:01:34,678 - INFO - π’Ύ 010950 νμΌ μ €μ¥ μ™„λ£
2025-08-27 03:01:34,678 - INFO - π― 010950 μ™„λ£ (25/97)
2025-08-27 03:01:34,718 - INFO - π’Ύ 009150 νμΌ μ €μ¥ μ™„λ£
2025-08-27 03:01:34,719 - INFO - π― 009150 μ™„λ£ (26/97)
2025-08-27 03:01:34,757 - INFO - π’Ύ 010140 νμΌ μ €μ¥ μ™„λ£
2025-08-27 03:01:34,758 - INFO - π― 010140 μ™„λ£ (27/97)
2025-08-27 03:01:34,792 - INFO - π’Ύ 004990 νμΌ μ €μ¥ μ™„λ£
2025-08-27 03:01:34,793 - INFO - π― 004990 μ™„λ£ (28/97)
2025-08-27 03:01:34,822 - INFO - π’Ύ 000660 νμΌ μ €μ¥ μ™„λ£
2025-08-27 03:01:34,822 - INFO - π― 000660 μ™„λ£ (29/97)
2025-08-27 03:01:34,856 - INFO - π’Ύ 051910 νμΌ μ €μ¥ μ™„λ£
2025-08-27 03:01:34,856 - INFO - π― 051910 μ™„λ£ (30/97)
2025-08-27 03:01:34,886 - INFO - π’Ύ 006650 νμΌ μ €μ¥ μ™„λ£
2025-08-27 03:01:34,887 - INFO - π― 006650 μ™„λ£ (31/97)
2025-08-27 03:01:34,915 - INFO - π’Ύ 090430 νμΌ μ €μ¥ μ™„λ£
2025-08-27 03:01:34,917 - INFO - π― 090430 μ™„λ£ (32/97)
2025-08-27 03:01:34,945 - INFO - π’Ύ 105560 νμΌ μ €μ¥ μ™„λ£
2025-08-27 03:01:34,945 - INFO - π― 105560 μ™„λ£ (33/97)
2025-08-27 03:01:34,975 - INFO - π’Ύ 096770 νμΌ μ €μ¥ μ™„λ£
2025-08-27 03:01:34,975 - INFO - π― 096770 μ™„λ£ (34/97)
2025-08-27 03:01:35,004 - INFO - π’Ύ 006360 νμΌ μ €μ¥ μ™„λ£
2025-08-27 03:01:35,004 - INFO - π― 006360 μ™„λ£ (35/97)
2025-08-27 03:01:35,029 - INFO - π’Ύ 006400 νμΌ μ €μ¥ μ™„λ£
2025-08-27 03:01:35,030 - INFO - π― 006400 μ™„λ£ (36/97)
2025-08-27 03:01:35,060 - INFO - π’Ύ 069960 νμΌ μ €μ¥ μ™„λ£
2025-08-27 03:01:35,060 - INFO - π― 069960 μ™„λ£ (37/97)
2025-08-27 03:01:35,076 - INFO - π’Ύ 316140 νμΌ μ €μ¥ μ™„λ£
2025-08-27 03:01:35,076 - INFO - π― 316140 μ™„λ£ (38/97)
2025-08-27 03:01:35,105 - INFO - π’Ύ 017670 νμΌ μ €μ¥ μ™„λ£
2025-08-27 03:01:35,105 - INFO - π― 017670 μ™„λ£ (39/97)
2025-08-27 03:01:35,136 - INFO - π’Ύ 028260 νμΌ μ €μ¥ μ™„λ£
2025-08-27 03:01:35,136 - INFO - π― 028260 μ™„λ£ (40/97)
2025-08-27 03:01:35,173 - INFO - π’Ύ 034020 νμΌ μ €μ¥ μ™„λ£
2025-08-27 03:01:35,173 - INFO - π― 034020 μ™„λ£ (41/97)
2025-08-27 03:01:35,186 - INFO - π’Ύ 089860 νμΌ μ €μ¥ μ™„λ£
2025-08-27 03:01:35,186 - INFO - π― 089860 μ™„λ£ (42/97)
2025-08-27 03:01:35,197 - INFO - π’Ύ 402340 νμΌ μ €μ¥ μ™„λ£
2025-08-27 03:01:35,197 - INFO - π― 402340 μ™„λ£ (43/97)
2025-08-27 03:01:35,226 - INFO - π’Ύ 336260 νμΌ μ €μ¥ μ™„λ£
2025-08-27 03:01:35,229 - INFO - π― 336260 μ™„λ£ (44/97)
2025-08-27 03:01:35,264 - INFO - π’Ύ 012450 νμΌ μ €μ¥ μ™„λ£
2025-08-27 03:01:35,266 - INFO - π― 012450 μ™„λ£ (45/97)
2025-08-27 03:01:35,299 - INFO - π’Ύ 003550 νμΌ μ €μ¥ μ™„λ£
2025-08-27 03:01:35,299 - INFO - π― 003550 μ™„λ£ (46/97)
2025-08-27 03:01:35,330 - INFO - π’Ύ 000720 νμΌ μ €μ¥ μ™„λ£
2025-08-27 03:01:35,330 - INFO - π― 000720 μ™„λ£ (47/97)
2025-08-27 03:01:35,371 - INFO - π’Ύ 207940 νμΌ μ €μ¥ μ™„λ£
2025-08-27 03:01:35,371 - INFO - π― 207940 μ™„λ£ (48/97)
2025-08-27 03:01:35,393 - INFO - π’Ύ 251270 νμΌ μ €μ¥ μ™„λ£
2025-08-27 03:01:35,398 - INFO - π― 251270 μ™„λ£ (49/97)
2025-08-27 03:01:35,431 - INFO - π’Ύ 008770 νμΌ μ €μ¥ μ™„λ£
2025-08-27 03:01:35,431 - INFO - π― 008770 μ™„λ£ (50/97)
2025-08-27 03:01:35,458 - INFO - π’Ύ 030200 νμΌ μ €μ¥ μ™„λ£
2025-08-27 03:01:35,459 - INFO - π― 030200 μ™„λ£ (51/97)
2025-08-27 03:01:35,486 - INFO - π’Ύ 047040 νμΌ μ €μ¥ μ™„λ£
2025-08-27 03:01:35,486 - INFO - π― 047040 μ™„λ£ (52/97)
2025-08-27 03:01:35,511 - INFO - π’Ύ 282330 νμΌ μ €μ¥ μ™„λ£
2025-08-27 03:01:35,511 - INFO - π― 282330 μ™„λ£ (53/97)
2025-08-27 03:01:35,538 - INFO - π’Ύ 112610 νμΌ μ €μ¥ μ™„λ£
2025-08-27 03:01:35,538 - INFO - π― 112610 μ™„λ£ (54/97)
2025-08-27 03:01:35,561 - INFO - π’Ύ 000120 νμΌ μ €μ¥ μ™„λ£
2025-08-27 03:01:35,562 - INFO - π― 000120 μ™„λ£ (55/97)
2025-08-27 03:01:35,580 - INFO - π’Ύ 456040 νμΌ μ €μ¥ μ™„λ£
2025-08-27 03:01:35,580 - INFO - π― 456040 μ™„λ£ (56/97)
2025-08-27 03:01:35,611 - INFO - π’Ύ 000880 νμΌ μ €μ¥ μ™„λ£
2025-08-27 03:01:35,611 - INFO - π― 000880 μ™„λ£ (57/97)
2025-08-27 03:01:35,641 - INFO - π’Ύ 120110 νμΌ μ €μ¥ μ™„λ£
2025-08-27 03:01:35,641 - INFO - π― 120110 μ™„λ£ (58/97)
2025-08-27 03:01:35,672 - INFO - π’Ύ 018880 νμΌ μ €μ¥ μ™„λ£
2025-08-27 03:01:35,672 - INFO - π― 018880 μ™„λ£ (59/97)
2025-08-27 03:01:35,702 - INFO - π’Ύ 035250 νμΌ μ €μ¥ μ™„λ£
2025-08-27 03:01:35,702 - INFO - π― 035250 μ™„λ£ (60/97)
2025-08-27 03:01:35,727 - INFO - π’Ύ 011170 νμΌ μ €μ¥ μ™„λ£
2025-08-27 03:01:35,728 - INFO - π― 011170 μ™„λ£ (61/97)
2025-08-27 03:01:35,764 - INFO - π’Ύ 007070 νμΌ μ €μ¥ μ™„λ£
2025-08-27 03:01:35,769 - INFO - π― 007070 μ™„λ£ (62/97)
2025-08-27 03:01:35,794 - INFO - π’Ύ 012330 νμΌ μ €μ¥ μ™„λ£
2025-08-27 03:01:35,795 - INFO - π― 012330 μ™„λ£ (63/97)
2025-08-27 03:01:35,824 - INFO - π’Ύ 035760 νμΌ μ €μ¥ μ™„λ£
2025-08-27 03:01:35,824 - INFO - π― 035760 μ™„λ£ (64/97)
2025-08-27 03:01:35,850 - INFO - π’Ύ 011790 νμΌ μ €μ¥ μ™„λ£
2025-08-27 03:01:35,851 - INFO - π― 011790 μ™„λ£ (65/97)
2025-08-27 03:01:35,879 - INFO - π’Ύ 011200 νμΌ μ €μ¥ μ™„λ£
2025-08-27 03:01:35,879 - INFO - π― 011200 μ™„λ£ (66/97)
2025-08-27 03:01:35,906 - INFO - π’Ύ 018260 νμΌ μ €μ¥ μ™„λ£
2025-08-27 03:01:35,907 - INFO - π― 018260 μ™„λ£ (67/97)
2025-08-27 03:01:35,942 - INFO - π’Ύ 033780 νμΌ μ €μ¥ μ™„λ£
2025-08-27 03:01:35,942 - INFO - π― 033780 μ™„λ£ (68/97)
2025-08-27 03:01:35,956 - INFO - π’Ύ 375500 νμΌ μ €μ¥ μ™„λ£
2025-08-27 03:01:35,956 - INFO - π― 375500 μ™„λ£ (69/97)
2025-08-27 03:01:35,987 - INFO - π’Ύ 028670 νμΌ μ €μ¥ μ™„λ£
2025-08-27 03:01:35,988 - INFO - π― 028670 μ™„λ£ (70/97)
2025-08-27 03:01:36,021 - INFO - π’Ύ 032830 νμΌ μ €μ¥ μ™„λ£
2025-08-27 03:01:36,021 - INFO - π― 032830 μ™„λ£ (71/97)
2025-08-27 03:01:36,053 - INFO - π’Ύ 051900 νμΌ μ €μ¥ μ™„λ£
2025-08-27 03:01:36,054 - INFO - π― 051900 μ™„λ£ (72/97)
2025-08-27 03:01:36,080 - INFO - π’Ύ 047810 νμΌ μ €μ¥ μ™„λ£
2025-08-27 03:01:36,080 - INFO - π― 047810 μ™„λ£ (73/97)
2025-08-27 03:01:36,117 - INFO - π’Ύ 071050 νμΌ μ €μ¥ μ™„λ£
2025-08-27 03:01:36,118 - INFO - π― 071050 μ™„λ£ (74/97)
2025-08-27 03:01:36,149 - INFO - π’Ύ 016360 νμΌ μ €μ¥ μ™„λ£
2025-08-27 03:01:36,150 - INFO - π― 016360 μ™„λ£ (75/97)
2025-08-27 03:01:36,180 - INFO - π’Ύ 035720 νμΌ μ €μ¥ μ™„λ£
2025-08-27 03:01:36,180 - INFO - π― 035720 μ™„λ£ (76/97)
2025-08-27 03:01:36,212 - INFO - π’Ύ 086790 νμΌ μ €μ¥ μ™„λ£
2025-08-27 03:01:36,212 - INFO - π― 086790 μ™„λ£ (77/97)
2025-08-27 03:01:36,246 - INFO - π’Ύ 097950 νμΌ μ €μ¥ μ™„λ£
2025-08-27 03:01:36,247 - INFO - π― 097950 μ™„λ£ (78/97)
2025-08-27 03:01:36,287 - INFO - π’Ύ 005940 νμΌ μ €μ¥ μ™„λ£
2025-08-27 03:01:36,287 - INFO - π― 005940 μ™„λ£ (79/97)
2025-08-27 03:01:36,319 - INFO - π’Ύ 078930 νμΌ μ €μ¥ μ™„λ£
2025-08-27 03:01:36,319 - INFO - π― 078930 μ™„λ£ (80/97)
2025-08-27 03:01:36,355 - INFO - π’Ύ 128940 νμΌ μ €μ¥ μ™„λ£
2025-08-27 03:01:36,355 - INFO - π― 128940 μ™„λ£ (81/97)
2025-08-27 03:01:36,385 - INFO - π’Ύ 035420 νμΌ μ €μ¥ μ™„λ£
2025-08-27 03:01:36,386 - INFO - π― 035420 μ™„λ£ (82/97)
2025-08-27 03:01:36,412 - INFO - π’Ύ 036460 νμΌ μ €μ¥ μ™„λ£
2025-08-27 03:01:36,412 - INFO - π― 036460 μ™„λ£ (83/97)
2025-08-27 03:01:36,444 - INFO - π’Ύ 034730 νμΌ μ €μ¥ μ™„λ£
2025-08-27 03:01:36,444 - INFO - π― 034730 μ™„λ£ (84/97)
2025-08-27 03:01:36,473 - INFO - π’Ύ 005830 νμΌ μ €μ¥ μ™„λ£
2025-08-27 03:01:36,474 - INFO - π― 005830 μ™„λ£ (85/97)
2025-08-27 03:01:36,500 - INFO - π’Ύ 005490 νμΌ μ €μ¥ μ™„λ£
2025-08-27 03:01:36,500 - INFO - π― 005490 μ™„λ£ (86/97)
2025-08-27 03:01:36,526 - INFO - π’Ύ 011780 νμΌ μ €μ¥ μ™„λ£
2025-08-27 03:01:36,530 - INFO - π― 011780 μ™„λ£ (87/97)
2025-08-27 03:01:36,565 - INFO - π’Ύ 015760 νμΌ μ €μ¥ μ™„λ£
2025-08-27 03:01:36,565 - INFO - π― 015760 μ™„λ£ (88/97)
2025-08-27 03:01:36,591 - INFO - π’Ύ 005380 νμΌ μ €μ¥ μ™„λ£
2025-08-27 03:01:36,591 - INFO - π― 005380 μ™„λ£ (89/97)
2025-08-27 03:01:36,627 - INFO - π’Ύ 069500 νμΌ μ €μ¥ μ™„λ£
2025-08-27 03:01:36,627 - INFO - π― 069500 μ™„λ£ (90/97)
2025-08-27 03:01:36,658 - INFO - π’Ύ 204320 νμΌ μ €μ¥ μ™„λ£
2025-08-27 03:01:36,658 - INFO - π― 204320 μ™„λ£ (91/97)
2025-08-27 03:01:36,691 - INFO - π’Ύ 000150 νμΌ μ €μ¥ μ™„λ£
2025-08-27 03:01:36,691 - INFO - π― 000150 μ™„λ£ (92/97)
2025-08-27 03:01:36,720 - INFO - π’Ύ 010120 νμΌ μ €μ¥ μ™„λ£
2025-08-27 03:01:36,721 - INFO - π― 010120 μ™„λ£ (93/97)
2025-08-27 03:01:36,741 - INFO - π’Ύ 326030 νμΌ μ €μ¥ μ™„λ£
2025-08-27 03:01:36,741 - INFO - π― 326030 μ™„λ£ (94/97)
2025-08-27 03:01:36,774 - INFO - π’Ύ 000810 νμΌ μ €μ¥ μ™„λ£
2025-08-27 03:01:36,775 - INFO - π― 000810 μ™„λ£ (95/97)
2025-08-27 03:01:36,805 - INFO - π’Ύ 010620 νμΌ μ €μ¥ μ™„λ£
2025-08-27 03:01:36,813 - INFO - π― 010620 μ™„λ£ (96/97)
2025-08-27 03:01:36,849 - INFO - π’Ύ 009540 νμΌ μ €μ¥ μ™„λ£
2025-08-27 03:01:36,849 - INFO - π― 009540 μ™„λ£ (97/97)
2025-08-27 03:01:36,852 - INFO - ==================================================
2025-08-27 03:01:36,852 - INFO - π λ°μ΄ν„° μμ§‘ μ™„λ£!
2025-08-27 03:01:36,852 - INFO - β… μ„±κ³µ: 97κ°
2025-08-27 03:01:36,853 - INFO - β μ‹¤ν¨: 0κ°
2025-08-27 03:01:36,853 - INFO - π“ μ΄ μ§„ν–‰λ¥ : 100.0%
2025-08-27 03:01:36,853 - INFO - π“ κ²°κ³Ό μ €μ¥ μ„μΉ: C:\Users\ehd_a\Documents\Git\HanaZoom\scripts\out_krx_parallel
2025-08-27 03:01:36,853 - INFO - ==================================================
